[0.006s] Invoking command in '/home/ubuntu/ros2_ws/build/px4_sim_launcher': CMAKE_PREFIX_PATH=/opt/ros/humble /usr/bin/cmake /home/ubuntu/ros2_ws/src/px4_sim_launcher -DCMAKE_INSTALL_PREFIX=/home/ubuntu/ros2_ws/install/px4_sim_launcher
[0.054s] -- The C compiler identification is GNU 11.4.0
[0.093s] -- The CXX compiler identification is GNU 11.4.0
[0.098s] -- Detecting C compiler ABI info
[0.149s] -- Detecting C compiler ABI info - done
[0.153s] -- Check for working C compiler: /usr/bin/cc - skipped
[0.153s] -- Detecting C compile features
[0.153s] -- Detecting C compile features - done
[0.155s] -- Detecting CXX compiler ABI info
[0.211s] -- Detecting CXX compiler ABI info - done
[0.216s] -- Check for working CXX compiler: /usr/bin/c++ - skipped
[0.216s] -- Detecting CXX compile features
[0.217s] -- Detecting CXX compile features - done
[0.219s] -- Found ament_cmake: 1.3.11 (/opt/ros/humble/share/ament_cmake/cmake)
[0.331s] -- Found Python3: /usr/bin/python3 (found version "3.10.12") found components: Interpreter 
[0.445s] -- Configuring done
[0.446s] -- Generating done
[0.447s] -- Build files have been written to: /home/ubuntu/ros2_ws/build/px4_sim_launcher
[0.450s] Invoked command in '/home/ubuntu/ros2_ws/build/px4_sim_launcher' returned '0': CMAKE_PREFIX_PATH=/opt/ros/humble /usr/bin/cmake /home/ubuntu/ros2_ws/src/px4_sim_launcher -DCMAKE_INSTALL_PREFIX=/home/ubuntu/ros2_ws/install/px4_sim_launcher
[0.452s] Invoking command in '/home/ubuntu/ros2_ws/build/px4_sim_launcher': CMAKE_PREFIX_PATH=/opt/ros/humble /usr/bin/cmake --build /home/ubuntu/ros2_ws/build/px4_sim_launcher -- -j20 -l20
[0.479s] Invoked command in '/home/ubuntu/ros2_ws/build/px4_sim_launcher' returned '0': CMAKE_PREFIX_PATH=/opt/ros/humble /usr/bin/cmake --build /home/ubuntu/ros2_ws/build/px4_sim_launcher -- -j20 -l20
[0.486s] Invoking command in '/home/ubuntu/ros2_ws/build/px4_sim_launcher': CMAKE_PREFIX_PATH=/opt/ros/humble /usr/bin/cmake --install /home/ubuntu/ros2_ws/build/px4_sim_launcher
[0.490s] -- Install configuration: ""
[0.490s] -- Installing: /home/ubuntu/ros2_ws/install/px4_sim_launcher/share/px4_sim_launcher//launch
[0.490s] -- Installing: /home/ubuntu/ros2_ws/install/px4_sim_launcher/share/px4_sim_launcher//launch/px4_multiple_sitl.launch.py
[0.490s] -- Installing: /home/ubuntu/ros2_ws/install/px4_sim_launcher/share/px4_sim_launcher//launch/px4_multiple_sitl.xml
[0.490s] -- Installing: /home/ubuntu/ros2_ws/install/px4_sim_launcher/share/ament_index/resource_index/package_run_dependencies/px4_sim_launcher
[0.490s] -- Installing: /home/ubuntu/ros2_ws/install/px4_sim_launcher/share/ament_index/resource_index/parent_prefix_path/px4_sim_launcher
[0.490s] -- Installing: /home/ubuntu/ros2_ws/install/px4_sim_launcher/share/px4_sim_launcher/environment/ament_prefix_path.sh
[0.490s] -- Installing: /home/ubuntu/ros2_ws/install/px4_sim_launcher/share/px4_sim_launcher/environment/ament_prefix_path.dsv
[0.490s] -- Installing: /home/ubuntu/ros2_ws/install/px4_sim_launcher/share/px4_sim_launcher/environment/path.sh
[0.490s] -- Installing: /home/ubuntu/ros2_ws/install/px4_sim_launcher/share/px4_sim_launcher/environment/path.dsv
[0.490s] -- Installing: /home/ubuntu/ros2_ws/install/px4_sim_launcher/share/px4_sim_launcher/local_setup.bash
[0.490s] -- Installing: /home/ubuntu/ros2_ws/install/px4_sim_launcher/share/px4_sim_launcher/local_setup.sh
[0.491s] -- Installing: /home/ubuntu/ros2_ws/install/px4_sim_launcher/share/px4_sim_launcher/local_setup.zsh
[0.491s] -- Installing: /home/ubuntu/ros2_ws/install/px4_sim_launcher/share/px4_sim_launcher/local_setup.dsv
[0.491s] -- Installing: /home/ubuntu/ros2_ws/install/px4_sim_launcher/share/px4_sim_launcher/package.dsv
[0.491s] -- Installing: /home/ubuntu/ros2_ws/install/px4_sim_launcher/share/ament_index/resource_index/packages/px4_sim_launcher
[0.491s] -- Installing: /home/ubuntu/ros2_ws/install/px4_sim_launcher/share/px4_sim_launcher/cmake/px4_sim_launcherConfig.cmake
[0.491s] -- Installing: /home/ubuntu/ros2_ws/install/px4_sim_launcher/share/px4_sim_launcher/cmake/px4_sim_launcherConfig-version.cmake
[0.491s] -- Installing: /home/ubuntu/ros2_ws/install/px4_sim_launcher/share/px4_sim_launcher/package.xml
[0.492s] Invoked command in '/home/ubuntu/ros2_ws/build/px4_sim_launcher' returned '0': CMAKE_PREFIX_PATH=/opt/ros/humble /usr/bin/cmake --install /home/ubuntu/ros2_ws/build/px4_sim_launcher
