[35m[1mConsolidate compiler generated dependencies of target mono[0m
[  8%] [32m[1mLinking CXX executable mono[0m
/usr/bin/ld: warning: libopencv_highgui.so.4.2, needed by /home/ubuntu/ORB_SLAM3/lib/libORB_SLAM3.so, not found (try using -rpath or -rpath-link)
/usr/bin/ld: warning: libopencv_calib3d.so.4.2, needed by /home/ubuntu/ORB_SLAM3/lib/libORB_SLAM3.so, not found (try using -rpath or -rpath-link)
/usr/bin/ld: warning: libopencv_features2d.so.4.2, needed by /home/ubuntu/ORB_SLAM3/lib/libORB_SLAM3.so, not found (try using -rpath or -rpath-link)
/usr/bin/ld: warning: libopencv_imgproc.so.4.2, needed by /home/ubuntu/ORB_SLAM3/lib/libORB_SLAM3.so, not found (try using -rpath or -rpath-link)
/usr/bin/ld: warning: libopencv_core.so.4.2, needed by /home/ubuntu/ORB_SLAM3/lib/libORB_SLAM3.so, not found (try using -rpath or -rpath-link)
/usr/bin/ld: /home/ubuntu/ORB_SLAM3/lib/libORB_SLAM3.so: undefined reference to `cv::DescriptorMatcher::knnMatch(cv::_InputArray const&, cv::_InputArray const&, std::vector<std::vector<cv::DMatch, std::allocator<cv::DMatch> >, std::allocator<std::vector<cv::DMatch, std::allocator<cv::DMatch> > > >&, int, cv::_InputArray const&, bool) const'
/usr/bin/ld: /home/ubuntu/ORB_SLAM3/lib/libORB_SLAM3.so: undefined reference to `cv::FAST(cv::_InputArray const&, std::vector<cv::KeyPoint, std::allocator<cv::KeyPoint> >&, int, bool)'
/usr/bin/ld: /home/ubuntu/ORB_SLAM3/lib/libORB_SLAM3.so: undefined reference to `cv::imshow(std::__cxx11::basic_string<char, std::char_traits<char>, std::allocator<char> > const&, cv::_InputArray const&)'
/usr/bin/ld: /home/ubuntu/ORB_SLAM3/lib/libORB_SLAM3.so: undefined reference to `cv::BFMatcher::BFMatcher(int, bool)'
/usr/bin/ld: /home/ubuntu/ORB_SLAM3/lib/libORB_SLAM3.so: undefined reference to `cv::DescriptorMatcher::~DescriptorMatcher()'
/usr/bin/ld: /home/ubuntu/ORB_SLAM3/lib/libORB_SLAM3.so: undefined reference to `cv::initUndistortRectifyMap(cv::_InputArray const&, cv::_InputArray const&, cv::_InputArray const&, cv::_InputArray const&, cv::Size_<int>, int, cv::_OutputArray const&, cv::_OutputArray const&)'
/usr/bin/ld: /home/ubuntu/ORB_SLAM3/lib/libORB_SLAM3.so: undefined reference to `vtable for cv::BFMatcher'
/usr/bin/ld: /home/ubuntu/ORB_SLAM3/lib/libORB_SLAM3.so: undefined reference to `cv::fisheye::undistortPoints(cv::_InputArray const&, cv::_OutputArray const&, cv::_InputArray const&, cv::_InputArray const&, cv::_InputArray const&, cv::_InputArray const&)'
/usr/bin/ld: /home/ubuntu/ORB_SLAM3/lib/libORB_SLAM3.so: undefined reference to `cv::undistortPoints(cv::_InputArray const&, cv::_OutputArray const&, cv::_InputArray const&, cv::_InputArray const&, cv::_InputArray const&, cv::_InputArray const&)'
/usr/bin/ld: /home/ubuntu/ORB_SLAM3/lib/libORB_SLAM3.so: undefined reference to `cv::stereoRectify(cv::_InputArray const&, cv::_InputArray const&, cv::_InputArray const&, cv::_InputArray const&, cv::Size_<int>, cv::_InputArray const&, cv::_InputArray const&, cv::_OutputArray const&, cv::_OutputArray const&, cv::_OutputArray const&, cv::_OutputArray const&, cv::_OutputArray const&, int, double, cv::Size_<int>, cv::Rect_<int>*, cv::Rect_<int>*)'
/usr/bin/ld: /home/ubuntu/ORB_SLAM3/lib/libORB_SLAM3.so: undefined reference to `cv::waitKey(int)'
/usr/bin/ld: /home/ubuntu/ORB_SLAM3/lib/libORB_SLAM3.so: undefined reference to `cv::KeyPointsFilter::retainBest(std::vector<cv::KeyPoint, std::allocator<cv::KeyPoint> >&, int)'
/usr/bin/ld: /home/ubuntu/ORB_SLAM3/lib/libORB_SLAM3.so: undefined reference to `cv::namedWindow(std::__cxx11::basic_string<char, std::char_traits<char>, std::allocator<char> > const&, int)'
collect2: error: ld returned 1 exit status
gmake[2]: *** [CMakeFiles/mono.dir/build.make:217: mono] Error 1
gmake[1]: *** [CMakeFiles/Makefile2:143: CMakeFiles/mono.dir/all] Error 2
gmake: *** [Makefile:146: all] Error 2
