[0.076s] DEBUG:colcon:Command line arguments: ['/usr/bin/colcon', 'build']
[0.076s] DEBUG:colcon:Parsed command line arguments: Namespace(log_base=None, log_level=None, verb_name='build', build_base='build', install_base='install', merge_install=False, symlink_install=False, test_result_base=None, continue_on_error=False, executor='parallel', parallel_workers=20, event_handlers=None, ignore_user_meta=False, metas=['./colcon.meta'], base_paths=['.'], packages_ignore=None, packages_ignore_regex=None, paths=None, packages_up_to=None, packages_up_to_regex=None, packages_above=None, packages_above_and_dependencies=None, packages_above_depth=None, packages_select_by_dep=None, packages_skip_by_dep=None, packages_skip_up_to=None, packages_select_build_failed=False, packages_skip_build_finished=False, packages_select_test_failures=False, packages_skip_test_passed=False, packages_select=None, packages_skip=None, packages_select_regex=None, packages_skip_regex=None, packages_start=None, packages_end=None, cmake_args=None, cmake_target=None, cmake_target_skip_unavailable=False, cmake_clean_cache=False, cmake_clean_first=False, cmake_force_configure=False, ament_cmake_args=None, catkin_cmake_args=None, catkin_skip_building_tests=False, mixin_files=None, mixin=None, verb_parser=<colcon_mixin.mixin.mixin_argument.MixinArgumentDecorator object at 0x7438c67c4400>, verb_extension=<colcon_core.verb.build.BuildVerb object at 0x7438c67a3f10>, main=<bound method BuildVerb.main of <colcon_core.verb.build.BuildVerb object at 0x7438c67a3f10>>, mixin_verb=('build',))
[0.163s] Level 1:colcon.colcon_core.package_discovery:discover_packages(colcon_meta) check parameters
[0.164s] Level 1:colcon.colcon_core.package_discovery:discover_packages(recursive) check parameters
[0.164s] Level 1:colcon.colcon_core.package_discovery:discover_packages(ignore) check parameters
[0.164s] Level 1:colcon.colcon_core.package_discovery:discover_packages(path) check parameters
[0.164s] Level 1:colcon.colcon_core.package_discovery:discover_packages(colcon_meta) discover
[0.164s] Level 1:colcon.colcon_core.package_discovery:discover_packages(recursive) discover
[0.164s] INFO:colcon.colcon_core.package_discovery:Crawling recursively for packages in '/workspaces/prova_container/ros2_ws'
[0.164s] Level 1:colcon.colcon_core.package_identification:_identify(.) by extensions ['ignore', 'ignore_ament_install']
[0.164s] Level 1:colcon.colcon_core.package_identification:_identify(.) by extension 'ignore'
[0.164s] Level 1:colcon.colcon_core.package_identification:_identify(.) by extension 'ignore_ament_install'
[0.164s] Level 1:colcon.colcon_core.package_identification:_identify(.) by extensions ['colcon_pkg']
[0.164s] Level 1:colcon.colcon_core.package_identification:_identify(.) by extension 'colcon_pkg'
[0.164s] Level 1:colcon.colcon_core.package_identification:_identify(.) by extensions ['colcon_meta']
[0.164s] Level 1:colcon.colcon_core.package_identification:_identify(.) by extension 'colcon_meta'
[0.164s] Level 1:colcon.colcon_core.package_identification:_identify(.) by extensions ['ros']
[0.164s] Level 1:colcon.colcon_core.package_identification:_identify(.) by extension 'ros'
[0.171s] Level 1:colcon.colcon_core.package_identification:_identify(.) by extensions ['cmake', 'python']
[0.171s] Level 1:colcon.colcon_core.package_identification:_identify(.) by extension 'cmake'
[0.171s] Level 1:colcon.colcon_core.package_identification:_identify(.) by extension 'python'
[0.171s] Level 1:colcon.colcon_core.package_identification:_identify(.) by extensions ['python_setup_py']
[0.171s] Level 1:colcon.colcon_core.package_identification:_identify(.) by extension 'python_setup_py'
[0.171s] Level 1:colcon.colcon_core.package_identification:_identify(build) by extensions ['ignore', 'ignore_ament_install']
[0.171s] Level 1:colcon.colcon_core.package_identification:_identify(build) by extension 'ignore'
[0.171s] Level 1:colcon.colcon_core.package_identification:_identify(build) ignored
[0.171s] Level 1:colcon.colcon_core.package_identification:_identify(install) by extensions ['ignore', 'ignore_ament_install']
[0.171s] Level 1:colcon.colcon_core.package_identification:_identify(install) by extension 'ignore'
[0.171s] Level 1:colcon.colcon_core.package_identification:_identify(install) ignored
[0.171s] Level 1:colcon.colcon_core.package_identification:_identify(log) by extensions ['ignore', 'ignore_ament_install']
[0.171s] Level 1:colcon.colcon_core.package_identification:_identify(log) by extension 'ignore'
[0.171s] Level 1:colcon.colcon_core.package_identification:_identify(log) ignored
[0.171s] Level 1:colcon.colcon_core.package_identification:_identify(src) by extensions ['ignore', 'ignore_ament_install']
[0.171s] Level 1:colcon.colcon_core.package_identification:_identify(src) by extension 'ignore'
[0.172s] Level 1:colcon.colcon_core.package_identification:_identify(src) by extension 'ignore_ament_install'
[0.172s] Level 1:colcon.colcon_core.package_identification:_identify(src) by extensions ['colcon_pkg']
[0.172s] Level 1:colcon.colcon_core.package_identification:_identify(src) by extension 'colcon_pkg'
[0.172s] Level 1:colcon.colcon_core.package_identification:_identify(src) by extensions ['colcon_meta']
[0.172s] Level 1:colcon.colcon_core.package_identification:_identify(src) by extension 'colcon_meta'
[0.172s] Level 1:colcon.colcon_core.package_identification:_identify(src) by extensions ['ros']
[0.172s] Level 1:colcon.colcon_core.package_identification:_identify(src) by extension 'ros'
[0.172s] Level 1:colcon.colcon_core.package_identification:_identify(src) by extensions ['cmake', 'python']
[0.172s] Level 1:colcon.colcon_core.package_identification:_identify(src) by extension 'cmake'
[0.172s] Level 1:colcon.colcon_core.package_identification:_identify(src) by extension 'python'
[0.172s] Level 1:colcon.colcon_core.package_identification:_identify(src) by extensions ['python_setup_py']
[0.172s] Level 1:colcon.colcon_core.package_identification:_identify(src) by extension 'python_setup_py'
[0.172s] Level 1:colcon.colcon_core.package_identification:_identify(src/orbslam3_ros2) by extensions ['ignore', 'ignore_ament_install']
[0.172s] Level 1:colcon.colcon_core.package_identification:_identify(src/orbslam3_ros2) by extension 'ignore'
[0.172s] Level 1:colcon.colcon_core.package_identification:_identify(src/orbslam3_ros2) by extension 'ignore_ament_install'
[0.172s] Level 1:colcon.colcon_core.package_identification:_identify(src/orbslam3_ros2) by extensions ['colcon_pkg']
[0.172s] Level 1:colcon.colcon_core.package_identification:_identify(src/orbslam3_ros2) by extension 'colcon_pkg'
[0.172s] Level 1:colcon.colcon_core.package_identification:_identify(src/orbslam3_ros2) by extensions ['colcon_meta']
[0.172s] Level 1:colcon.colcon_core.package_identification:_identify(src/orbslam3_ros2) by extension 'colcon_meta'
[0.172s] Level 1:colcon.colcon_core.package_identification:_identify(src/orbslam3_ros2) by extensions ['ros']
[0.172s] Level 1:colcon.colcon_core.package_identification:_identify(src/orbslam3_ros2) by extension 'ros'
[0.174s] DEBUG:colcon.colcon_core.package_identification:Package 'src/orbslam3_ros2' with type 'ros.ament_cmake' and name 'orbslam3'
[0.174s] Level 1:colcon.colcon_core.package_identification:_identify(src/px4_msgs) by extensions ['ignore', 'ignore_ament_install']
[0.174s] Level 1:colcon.colcon_core.package_identification:_identify(src/px4_msgs) by extension 'ignore'
[0.174s] Level 1:colcon.colcon_core.package_identification:_identify(src/px4_msgs) by extension 'ignore_ament_install'
[0.174s] Level 1:colcon.colcon_core.package_identification:_identify(src/px4_msgs) by extensions ['colcon_pkg']
[0.174s] Level 1:colcon.colcon_core.package_identification:_identify(src/px4_msgs) by extension 'colcon_pkg'
[0.174s] Level 1:colcon.colcon_core.package_identification:_identify(src/px4_msgs) by extensions ['colcon_meta']
[0.174s] Level 1:colcon.colcon_core.package_identification:_identify(src/px4_msgs) by extension 'colcon_meta'
[0.174s] Level 1:colcon.colcon_core.package_identification:_identify(src/px4_msgs) by extensions ['ros']
[0.174s] Level 1:colcon.colcon_core.package_identification:_identify(src/px4_msgs) by extension 'ros'
[0.174s] DEBUG:colcon.colcon_core.package_identification:Package 'src/px4_msgs' with type 'ros.ament_cmake' and name 'px4_msgs'
[0.174s] Level 1:colcon.colcon_core.package_identification:_identify(src/px4_sim_launcher) by extensions ['ignore', 'ignore_ament_install']
[0.175s] Level 1:colcon.colcon_core.package_identification:_identify(src/px4_sim_launcher) by extension 'ignore'
[0.175s] Level 1:colcon.colcon_core.package_identification:_identify(src/px4_sim_launcher) by extension 'ignore_ament_install'
[0.175s] Level 1:colcon.colcon_core.package_identification:_identify(src/px4_sim_launcher) by extensions ['colcon_pkg']
[0.175s] Level 1:colcon.colcon_core.package_identification:_identify(src/px4_sim_launcher) by extension 'colcon_pkg'
[0.175s] Level 1:colcon.colcon_core.package_identification:_identify(src/px4_sim_launcher) by extensions ['colcon_meta']
[0.175s] Level 1:colcon.colcon_core.package_identification:_identify(src/px4_sim_launcher) by extension 'colcon_meta'
[0.175s] Level 1:colcon.colcon_core.package_identification:_identify(src/px4_sim_launcher) by extensions ['ros']
[0.175s] Level 1:colcon.colcon_core.package_identification:_identify(src/px4_sim_launcher) by extension 'ros'
[0.175s] DEBUG:colcon.colcon_core.package_identification:Package 'src/px4_sim_launcher' with type 'ros.ament_cmake' and name 'px4_sim_launcher'
[0.175s] Level 1:colcon.colcon_core.package_discovery:discover_packages(recursive) using defaults
[0.175s] Level 1:colcon.colcon_core.package_discovery:discover_packages(ignore) discover
[0.175s] Level 1:colcon.colcon_core.package_discovery:discover_packages(ignore) using defaults
[0.175s] Level 1:colcon.colcon_core.package_discovery:discover_packages(path) discover
[0.175s] Level 1:colcon.colcon_core.package_discovery:discover_packages(path) using defaults
[0.187s] Level 5:colcon.colcon_core.verb:set package 'orbslam3' build argument 'cmake_args' from command line to 'None'
[0.187s] Level 5:colcon.colcon_core.verb:set package 'orbslam3' build argument 'cmake_target' from command line to 'None'
[0.187s] Level 5:colcon.colcon_core.verb:set package 'orbslam3' build argument 'cmake_target_skip_unavailable' from command line to 'False'
[0.187s] Level 5:colcon.colcon_core.verb:set package 'orbslam3' build argument 'cmake_clean_cache' from command line to 'False'
[0.187s] Level 5:colcon.colcon_core.verb:set package 'orbslam3' build argument 'cmake_clean_first' from command line to 'False'
[0.187s] Level 5:colcon.colcon_core.verb:set package 'orbslam3' build argument 'cmake_force_configure' from command line to 'False'
[0.187s] Level 5:colcon.colcon_core.verb:set package 'orbslam3' build argument 'ament_cmake_args' from command line to 'None'
[0.187s] Level 5:colcon.colcon_core.verb:set package 'orbslam3' build argument 'catkin_cmake_args' from command line to 'None'
[0.187s] Level 5:colcon.colcon_core.verb:set package 'orbslam3' build argument 'catkin_skip_building_tests' from command line to 'False'
[0.187s] DEBUG:colcon.colcon_core.verb:Building package 'orbslam3' with the following arguments: {'ament_cmake_args': None, 'build_base': '/workspaces/prova_container/ros2_ws/build/orbslam3', 'catkin_cmake_args': None, 'catkin_skip_building_tests': False, 'cmake_args': None, 'cmake_clean_cache': False, 'cmake_clean_first': False, 'cmake_force_configure': False, 'cmake_target': None, 'cmake_target_skip_unavailable': False, 'install_base': '/workspaces/prova_container/ros2_ws/install/orbslam3', 'merge_install': False, 'path': '/workspaces/prova_container/ros2_ws/src/orbslam3_ros2', 'symlink_install': False, 'test_result_base': None}
[0.188s] Level 5:colcon.colcon_core.verb:set package 'px4_msgs' build argument 'cmake_args' from command line to 'None'
[0.188s] Level 5:colcon.colcon_core.verb:set package 'px4_msgs' build argument 'cmake_target' from command line to 'None'
[0.188s] Level 5:colcon.colcon_core.verb:set package 'px4_msgs' build argument 'cmake_target_skip_unavailable' from command line to 'False'
[0.188s] Level 5:colcon.colcon_core.verb:set package 'px4_msgs' build argument 'cmake_clean_cache' from command line to 'False'
[0.188s] Level 5:colcon.colcon_core.verb:set package 'px4_msgs' build argument 'cmake_clean_first' from command line to 'False'
[0.188s] Level 5:colcon.colcon_core.verb:set package 'px4_msgs' build argument 'cmake_force_configure' from command line to 'False'
[0.188s] Level 5:colcon.colcon_core.verb:set package 'px4_msgs' build argument 'ament_cmake_args' from command line to 'None'
[0.188s] Level 5:colcon.colcon_core.verb:set package 'px4_msgs' build argument 'catkin_cmake_args' from command line to 'None'
[0.188s] Level 5:colcon.colcon_core.verb:set package 'px4_msgs' build argument 'catkin_skip_building_tests' from command line to 'False'
[0.188s] DEBUG:colcon.colcon_core.verb:Building package 'px4_msgs' with the following arguments: {'ament_cmake_args': None, 'build_base': '/workspaces/prova_container/ros2_ws/build/px4_msgs', 'catkin_cmake_args': None, 'catkin_skip_building_tests': False, 'cmake_args': None, 'cmake_clean_cache': False, 'cmake_clean_first': False, 'cmake_force_configure': False, 'cmake_target': None, 'cmake_target_skip_unavailable': False, 'install_base': '/workspaces/prova_container/ros2_ws/install/px4_msgs', 'merge_install': False, 'path': '/workspaces/prova_container/ros2_ws/src/px4_msgs', 'symlink_install': False, 'test_result_base': None}
[0.188s] Level 5:colcon.colcon_core.verb:set package 'px4_sim_launcher' build argument 'cmake_args' from command line to 'None'
[0.188s] Level 5:colcon.colcon_core.verb:set package 'px4_sim_launcher' build argument 'cmake_target' from command line to 'None'
[0.188s] Level 5:colcon.colcon_core.verb:set package 'px4_sim_launcher' build argument 'cmake_target_skip_unavailable' from command line to 'False'
[0.188s] Level 5:colcon.colcon_core.verb:set package 'px4_sim_launcher' build argument 'cmake_clean_cache' from command line to 'False'
[0.188s] Level 5:colcon.colcon_core.verb:set package 'px4_sim_launcher' build argument 'cmake_clean_first' from command line to 'False'
[0.188s] Level 5:colcon.colcon_core.verb:set package 'px4_sim_launcher' build argument 'cmake_force_configure' from command line to 'False'
[0.188s] Level 5:colcon.colcon_core.verb:set package 'px4_sim_launcher' build argument 'ament_cmake_args' from command line to 'None'
[0.188s] Level 5:colcon.colcon_core.verb:set package 'px4_sim_launcher' build argument 'catkin_cmake_args' from command line to 'None'
[0.188s] Level 5:colcon.colcon_core.verb:set package 'px4_sim_launcher' build argument 'catkin_skip_building_tests' from command line to 'False'
[0.188s] DEBUG:colcon.colcon_core.verb:Building package 'px4_sim_launcher' with the following arguments: {'ament_cmake_args': None, 'build_base': '/workspaces/prova_container/ros2_ws/build/px4_sim_launcher', 'catkin_cmake_args': None, 'catkin_skip_building_tests': False, 'cmake_args': None, 'cmake_clean_cache': False, 'cmake_clean_first': False, 'cmake_force_configure': False, 'cmake_target': None, 'cmake_target_skip_unavailable': False, 'install_base': '/workspaces/prova_container/ros2_ws/install/px4_sim_launcher', 'merge_install': False, 'path': '/workspaces/prova_container/ros2_ws/src/px4_sim_launcher', 'symlink_install': False, 'test_result_base': None}
[0.188s] INFO:colcon.colcon_core.executor:Executing jobs using 'parallel' executor
[0.189s] DEBUG:colcon.colcon_parallel_executor.executor.parallel:run_until_complete
[0.189s] INFO:colcon.colcon_ros.task.ament_cmake.build:Building ROS package in '/workspaces/prova_container/ros2_ws/src/orbslam3_ros2' with build type 'ament_cmake'
[0.189s] INFO:colcon.colcon_cmake.task.cmake.build:Building CMake package in '/workspaces/prova_container/ros2_ws/src/orbslam3_ros2'
[0.191s] INFO:colcon.colcon_core.plugin_system:Skipping extension 'colcon_core.shell.bat': Not used on non-Windows systems
[0.191s] INFO:colcon.colcon_core.shell:Skip shell extension 'powershell' for command environment: Not usable outside of PowerShell
[0.191s] DEBUG:colcon.colcon_core.shell:Skip shell extension 'dsv' for command environment
[0.193s] INFO:colcon.colcon_ros.task.ament_cmake.build:Building ROS package in '/workspaces/prova_container/ros2_ws/src/px4_msgs' with build type 'ament_cmake'
[0.194s] INFO:colcon.colcon_cmake.task.cmake.build:Building CMake package in '/workspaces/prova_container/ros2_ws/src/px4_msgs'
[0.194s] INFO:colcon.colcon_core.shell:Skip shell extension 'powershell' for command environment: Not usable outside of PowerShell
[0.194s] DEBUG:colcon.colcon_core.shell:Skip shell extension 'dsv' for command environment
[0.195s] INFO:colcon.colcon_ros.task.ament_cmake.build:Building ROS package in '/workspaces/prova_container/ros2_ws/src/px4_sim_launcher' with build type 'ament_cmake'
[0.195s] INFO:colcon.colcon_cmake.task.cmake.build:Building CMake package in '/workspaces/prova_container/ros2_ws/src/px4_sim_launcher'
[0.195s] INFO:colcon.colcon_core.shell:Skip shell extension 'powershell' for command environment: Not usable outside of PowerShell
[0.195s] DEBUG:colcon.colcon_core.shell:Skip shell extension 'dsv' for command environment
[0.199s] DEBUG:colcon.colcon_core.event_handler.log_command:Invoking command in '/workspaces/prova_container/ros2_ws/build/orbslam3': CMAKE_PREFIX_PATH=/opt/ros/humble /usr/bin/cmake /workspaces/prova_container/ros2_ws/src/orbslam3_ros2 -DCMAKE_INSTALL_PREFIX=/workspaces/prova_container/ros2_ws/install/orbslam3
[0.202s] DEBUG:colcon.colcon_core.event_handler.log_command:Invoking command in '/workspaces/prova_container/ros2_ws/build/px4_msgs': CMAKE_PREFIX_PATH=/opt/ros/humble /usr/bin/cmake /workspaces/prova_container/ros2_ws/src/px4_msgs -DCMAKE_INSTALL_PREFIX=/workspaces/prova_container/ros2_ws/install/px4_msgs
[0.204s] DEBUG:colcon.colcon_core.event_handler.log_command:Invoking command in '/workspaces/prova_container/ros2_ws/build/px4_sim_launcher': CMAKE_PREFIX_PATH=/opt/ros/humble /usr/bin/cmake /workspaces/prova_container/ros2_ws/src/px4_sim_launcher -DCMAKE_INSTALL_PREFIX=/workspaces/prova_container/ros2_ws/install/px4_sim_launcher
[0.640s] DEBUG:colcon.colcon_core.event_handler.log_command:Invoked command in '/workspaces/prova_container/ros2_ws/build/px4_sim_launcher' returned '0': CMAKE_PREFIX_PATH=/opt/ros/humble /usr/bin/cmake /workspaces/prova_container/ros2_ws/src/px4_sim_launcher -DCMAKE_INSTALL_PREFIX=/workspaces/prova_container/ros2_ws/install/px4_sim_launcher
[0.642s] DEBUG:colcon.colcon_core.event_handler.log_command:Invoking command in '/workspaces/prova_container/ros2_ws/build/px4_sim_launcher': CMAKE_PREFIX_PATH=/opt/ros/humble /usr/bin/cmake --build /workspaces/prova_container/ros2_ws/build/px4_sim_launcher -- -j20 -l20
[0.673s] DEBUG:colcon.colcon_core.event_handler.log_command:Invoked command in '/workspaces/prova_container/ros2_ws/build/px4_sim_launcher' returned '0': CMAKE_PREFIX_PATH=/opt/ros/humble /usr/bin/cmake --build /workspaces/prova_container/ros2_ws/build/px4_sim_launcher -- -j20 -l20
[0.680s] DEBUG:colcon.colcon_core.event_handler.log_command:Invoking command in '/workspaces/prova_container/ros2_ws/build/px4_sim_launcher': CMAKE_PREFIX_PATH=/opt/ros/humble /usr/bin/cmake --install /workspaces/prova_container/ros2_ws/build/px4_sim_launcher
[0.688s] Level 1:colcon.colcon_core.environment:create_environment_scripts_only(px4_sim_launcher)
[0.688s] DEBUG:colcon.colcon_core.event_handler.log_command:Invoked command in '/workspaces/prova_container/ros2_ws/build/px4_sim_launcher' returned '0': CMAKE_PREFIX_PATH=/opt/ros/humble /usr/bin/cmake --install /workspaces/prova_container/ros2_ws/build/px4_sim_launcher
[0.690s] Level 1:colcon.colcon_core.environment:checking '/workspaces/prova_container/ros2_ws/install/px4_sim_launcher' for CMake module files
[0.690s] Level 1:colcon.colcon_core.environment:checking '/workspaces/prova_container/ros2_ws/install/px4_sim_launcher' for CMake config files
[0.690s] Level 1:colcon.colcon_core.shell:create_environment_hook('px4_sim_launcher', 'cmake_prefix_path')
[0.691s] INFO:colcon.colcon_core.shell:Creating environment hook '/workspaces/prova_container/ros2_ws/install/px4_sim_launcher/share/px4_sim_launcher/hook/cmake_prefix_path.ps1'
[0.691s] INFO:colcon.colcon_core.shell:Creating environment descriptor '/workspaces/prova_container/ros2_ws/install/px4_sim_launcher/share/px4_sim_launcher/hook/cmake_prefix_path.dsv'
[0.691s] INFO:colcon.colcon_core.shell:Creating environment hook '/workspaces/prova_container/ros2_ws/install/px4_sim_launcher/share/px4_sim_launcher/hook/cmake_prefix_path.sh'
[0.701s] Level 1:colcon.colcon_core.environment:checking '/workspaces/prova_container/ros2_ws/install/px4_sim_launcher/bin'
[0.701s] Level 1:colcon.colcon_core.environment:checking '/workspaces/prova_container/ros2_ws/install/px4_sim_launcher/lib/pkgconfig/px4_sim_launcher.pc'
[0.702s] Level 1:colcon.colcon_core.environment:checking '/workspaces/prova_container/ros2_ws/install/px4_sim_launcher/lib/python3.10/site-packages'
[0.702s] Level 1:colcon.colcon_core.environment:checking '/workspaces/prova_container/ros2_ws/install/px4_sim_launcher/bin'
[0.703s] INFO:colcon.colcon_core.shell:Creating package script '/workspaces/prova_container/ros2_ws/install/px4_sim_launcher/share/px4_sim_launcher/package.ps1'
[0.703s] INFO:colcon.colcon_core.shell:Creating package descriptor '/workspaces/prova_container/ros2_ws/install/px4_sim_launcher/share/px4_sim_launcher/package.dsv'
[0.704s] INFO:colcon.colcon_core.shell:Creating package script '/workspaces/prova_container/ros2_ws/install/px4_sim_launcher/share/px4_sim_launcher/package.sh'
[0.704s] INFO:colcon.colcon_core.shell:Creating package script '/workspaces/prova_container/ros2_ws/install/px4_sim_launcher/share/px4_sim_launcher/package.bash'
[0.704s] INFO:colcon.colcon_core.shell:Creating package script '/workspaces/prova_container/ros2_ws/install/px4_sim_launcher/share/px4_sim_launcher/package.zsh'
[0.705s] Level 1:colcon.colcon_core.environment:create_file_with_runtime_dependencies(/workspaces/prova_container/ros2_ws/install/px4_sim_launcher/share/colcon-core/packages/px4_sim_launcher)
[0.705s] Level 1:colcon.colcon_core.environment:create_environment_scripts_only(px4_sim_launcher)
[0.705s] Level 1:colcon.colcon_core.environment:checking '/workspaces/prova_container/ros2_ws/install/px4_sim_launcher' for CMake module files
[0.706s] Level 1:colcon.colcon_core.environment:checking '/workspaces/prova_container/ros2_ws/install/px4_sim_launcher' for CMake config files
[0.706s] Level 1:colcon.colcon_core.shell:create_environment_hook('px4_sim_launcher', 'cmake_prefix_path')
[0.706s] INFO:colcon.colcon_core.shell:Creating environment hook '/workspaces/prova_container/ros2_ws/install/px4_sim_launcher/share/px4_sim_launcher/hook/cmake_prefix_path.ps1'
[0.706s] INFO:colcon.colcon_core.shell:Creating environment descriptor '/workspaces/prova_container/ros2_ws/install/px4_sim_launcher/share/px4_sim_launcher/hook/cmake_prefix_path.dsv'
[0.706s] INFO:colcon.colcon_core.shell:Creating environment hook '/workspaces/prova_container/ros2_ws/install/px4_sim_launcher/share/px4_sim_launcher/hook/cmake_prefix_path.sh'
[0.707s] Level 1:colcon.colcon_core.environment:checking '/workspaces/prova_container/ros2_ws/install/px4_sim_launcher/bin'
[0.707s] Level 1:colcon.colcon_core.environment:checking '/workspaces/prova_container/ros2_ws/install/px4_sim_launcher/lib/pkgconfig/px4_sim_launcher.pc'
[0.707s] Level 1:colcon.colcon_core.environment:checking '/workspaces/prova_container/ros2_ws/install/px4_sim_launcher/lib/python3.10/site-packages'
[0.707s] Level 1:colcon.colcon_core.environment:checking '/workspaces/prova_container/ros2_ws/install/px4_sim_launcher/bin'
[0.707s] INFO:colcon.colcon_core.shell:Creating package script '/workspaces/prova_container/ros2_ws/install/px4_sim_launcher/share/px4_sim_launcher/package.ps1'
[0.707s] INFO:colcon.colcon_core.shell:Creating package descriptor '/workspaces/prova_container/ros2_ws/install/px4_sim_launcher/share/px4_sim_launcher/package.dsv'
[0.708s] INFO:colcon.colcon_core.shell:Creating package script '/workspaces/prova_container/ros2_ws/install/px4_sim_launcher/share/px4_sim_launcher/package.sh'
[0.708s] INFO:colcon.colcon_core.shell:Creating package script '/workspaces/prova_container/ros2_ws/install/px4_sim_launcher/share/px4_sim_launcher/package.bash'
[0.708s] INFO:colcon.colcon_core.shell:Creating package script '/workspaces/prova_container/ros2_ws/install/px4_sim_launcher/share/px4_sim_launcher/package.zsh'
[0.708s] Level 1:colcon.colcon_core.environment:create_file_with_runtime_dependencies(/workspaces/prova_container/ros2_ws/install/px4_sim_launcher/share/colcon-core/packages/px4_sim_launcher)
[1.132s] DEBUG:colcon.colcon_core.event_handler.log_command:Invoked command in '/workspaces/prova_container/ros2_ws/build/orbslam3' returned '0': CMAKE_PREFIX_PATH=/opt/ros/humble /usr/bin/cmake /workspaces/prova_container/ros2_ws/src/orbslam3_ros2 -DCMAKE_INSTALL_PREFIX=/workspaces/prova_container/ros2_ws/install/orbslam3
[1.134s] DEBUG:colcon.colcon_core.event_handler.log_command:Invoking command in '/workspaces/prova_container/ros2_ws/build/orbslam3': CMAKE_PREFIX_PATH=/opt/ros/humble /usr/bin/cmake --build /workspaces/prova_container/ros2_ws/build/orbslam3 -- -j20 -l20
[3.139s] DEBUG:colcon.colcon_core.event_handler.log_command:Invoked command in '/workspaces/prova_container/ros2_ws/build/px4_msgs' returned '0': CMAKE_PREFIX_PATH=/opt/ros/humble /usr/bin/cmake /workspaces/prova_container/ros2_ws/src/px4_msgs -DCMAKE_INSTALL_PREFIX=/workspaces/prova_container/ros2_ws/install/px4_msgs
[3.141s] DEBUG:colcon.colcon_core.event_handler.log_command:Invoking command in '/workspaces/prova_container/ros2_ws/build/px4_msgs': CMAKE_PREFIX_PATH=/opt/ros/humble /usr/bin/cmake --build /workspaces/prova_container/ros2_ws/build/px4_msgs -- -j20 -l20
[21.708s] DEBUG:colcon.colcon_core.event_handler.log_command:Invoked command in '/workspaces/prova_container/ros2_ws/build/orbslam3' returned '2': CMAKE_PREFIX_PATH=/opt/ros/humble /usr/bin/cmake --build /workspaces/prova_container/ros2_ws/build/orbslam3 -- -j20 -l20
[21.708s] Level 1:colcon.colcon_core.environment:create_environment_scripts_only(orbslam3)
[21.708s] Level 1:colcon.colcon_core.environment:checking '/workspaces/prova_container/ros2_ws/install/orbslam3' for CMake module files
[21.709s] Level 1:colcon.colcon_core.environment:checking '/workspaces/prova_container/ros2_ws/install/orbslam3' for CMake config files
[21.709s] Level 1:colcon.colcon_core.environment:checking '/workspaces/prova_container/ros2_ws/install/orbslam3/bin'
[21.709s] Level 1:colcon.colcon_core.environment:checking '/workspaces/prova_container/ros2_ws/install/orbslam3/lib/pkgconfig/orbslam3.pc'
[21.710s] Level 1:colcon.colcon_core.environment:checking '/workspaces/prova_container/ros2_ws/install/orbslam3/lib/python3.10/site-packages'
[21.710s] Level 1:colcon.colcon_core.environment:checking '/workspaces/prova_container/ros2_ws/install/orbslam3/bin'
[21.710s] INFO:colcon.colcon_core.shell:Creating package script '/workspaces/prova_container/ros2_ws/install/orbslam3/share/orbslam3/package.ps1'
[21.711s] INFO:colcon.colcon_core.shell:Creating package descriptor '/workspaces/prova_container/ros2_ws/install/orbslam3/share/orbslam3/package.dsv'
[21.712s] INFO:colcon.colcon_core.shell:Creating package script '/workspaces/prova_container/ros2_ws/install/orbslam3/share/orbslam3/package.sh'
[21.713s] INFO:colcon.colcon_core.shell:Creating package script '/workspaces/prova_container/ros2_ws/install/orbslam3/share/orbslam3/package.bash'
[21.713s] INFO:colcon.colcon_core.shell:Creating package script '/workspaces/prova_container/ros2_ws/install/orbslam3/share/orbslam3/package.zsh'
[21.713s] Level 1:colcon.colcon_core.environment:create_file_with_runtime_dependencies(/workspaces/prova_container/ros2_ws/install/orbslam3/share/colcon-core/packages/orbslam3)
[139.996s] DEBUG:colcon.colcon_parallel_executor.executor.parallel:closing loop
[139.996s] DEBUG:colcon.colcon_parallel_executor.executor.parallel:loop closed
[139.996s] DEBUG:colcon.colcon_parallel_executor.executor.parallel:run_until_complete finished with '2'
[139.996s] DEBUG:colcon.colcon_core.event_reactor:joining thread
[140.003s] INFO:colcon.colcon_core.plugin_system:Skipping extension 'colcon_notification.desktop_notification.notify_send': Could not find 'notify-send'
[140.003s] INFO:colcon.colcon_core.plugin_system:Skipping extension 'colcon_notification.desktop_notification.terminal_notifier': Not used on non-Darwin systems
[140.003s] INFO:colcon.colcon_core.plugin_system:Skipping extension 'colcon_notification.desktop_notification.win32': Not used on non-Windows systems
[140.003s] INFO:colcon.colcon_notification.desktop_notification:Sending desktop notification using 'notify2'
[140.012s] DEBUG:colcon.colcon_notification.desktop_notification.notify2:Failed to initialize notify2: org.freedesktop.DBus.Error.ServiceUnknown: The name org.freedesktop.Notifications was not provided by any .service files
[140.012s] DEBUG:colcon.colcon_core.event_reactor:joined thread
[140.013s] INFO:colcon.colcon_core.shell:Creating prefix script '/workspaces/prova_container/ros2_ws/install/local_setup.ps1'
[140.014s] INFO:colcon.colcon_core.shell:Creating prefix util module '/workspaces/prova_container/ros2_ws/install/_local_setup_util_ps1.py'
[140.015s] INFO:colcon.colcon_core.shell:Creating prefix chain script '/workspaces/prova_container/ros2_ws/install/setup.ps1'
[140.016s] INFO:colcon.colcon_core.shell:Creating prefix script '/workspaces/prova_container/ros2_ws/install/local_setup.sh'
[140.017s] INFO:colcon.colcon_core.shell:Creating prefix util module '/workspaces/prova_container/ros2_ws/install/_local_setup_util_sh.py'
[140.018s] INFO:colcon.colcon_core.shell:Creating prefix chain script '/workspaces/prova_container/ros2_ws/install/setup.sh'
[140.018s] INFO:colcon.colcon_core.shell:Creating prefix script '/workspaces/prova_container/ros2_ws/install/local_setup.bash'
[140.019s] INFO:colcon.colcon_core.shell:Creating prefix chain script '/workspaces/prova_container/ros2_ws/install/setup.bash'
[140.020s] INFO:colcon.colcon_core.shell:Creating prefix script '/workspaces/prova_container/ros2_ws/install/local_setup.zsh'
[140.020s] INFO:colcon.colcon_core.shell:Creating prefix chain script '/workspaces/prova_container/ros2_ws/install/setup.zsh'
