[0.007s] Invoking command in '/workspaces/prova_container/ros2_ws/build/orbslam3': CMAKE_PREFIX_PATH=/opt/ros/humble /usr/bin/cmake /workspaces/prova_container/ros2_ws/src/orbslam3_ros2 -DCMAKE_INSTALL_PREFIX=/workspaces/prova_container/ros2_ws/install/orbslam3
[0.045s] -- The C compiler identification is GNU 11.4.0
[0.079s] -- The CXX compiler identification is GNU 11.4.0
[0.083s] -- Detecting C compiler ABI info
[0.131s] -- Detecting C compiler ABI info - done
[0.136s] -- Check for working C compiler: /usr/bin/cc - skipped
[0.136s] -- Detecting C compile features
[0.136s] -- Detecting C compile features - done
[0.138s] -- Detecting CXX compiler ABI info
[0.188s] -- Detecting CXX compiler ABI info - done
[0.192s] -- Check for working CXX compiler: /usr/bin/c++ - skipped
[0.192s] -- Detecting CXX compile features
[0.192s] -- Detecting CXX compile features - done
[0.193s] -- Found ament_cmake: 1.3.11 (/opt/ros/humble/share/ament_cmake/cmake)
[0.292s] -- Found Python3: /usr/bin/python3 (found version "3.10.12") found components: Interpreter 
[0.350s] -- Found rclcpp: 16.0.12 (/opt/ros/humble/share/rclcpp/cmake)
[0.373s] -- Found rosidl_generator_c: 3.1.6 (/opt/ros/humble/share/rosidl_generator_c/cmake)
[0.376s] -- Found rosidl_adapter: 3.1.6 (/opt/ros/humble/share/rosidl_adapter/cmake)
[0.381s] -- Found rosidl_generator_cpp: 3.1.6 (/opt/ros/humble/share/rosidl_generator_cpp/cmake)
[0.388s] -- Using all available rosidl_typesupport_c: rosidl_typesupport_fastrtps_c;rosidl_typesupport_introspection_c
[0.398s] -- Using all available rosidl_typesupport_cpp: rosidl_typesupport_fastrtps_cpp;rosidl_typesupport_introspection_cpp
[0.429s] -- Found rmw_implementation_cmake: 6.1.2 (/opt/ros/humble/share/rmw_implementation_cmake/cmake)
[0.431s] -- Found rmw_fastrtps_cpp: 6.2.7 (/opt/ros/humble/share/rmw_fastrtps_cpp/cmake)
[0.489s] -- Found OpenSSL: /usr/lib/x86_64-linux-gnu/libcrypto.so (found version "3.0.2")  
[0.507s] -- Found FastRTPS: /opt/ros/humble/include  
[0.542s] -- Using RMW implementation 'rmw_fastrtps_cpp' as default
[0.546s] -- Looking for pthread.h
[0.595s] -- Looking for pthread.h - found
[0.596s] -- Performing Test CMAKE_HAVE_LIBC_PTHREAD
[0.648s] -- Performing Test CMAKE_HAVE_LIBC_PTHREAD - Success
[0.648s] -- Found Threads: TRUE  
[0.679s] -- Found sensor_msgs: 4.8.0 (/opt/ros/humble/share/sensor_msgs/cmake)
[0.697s] -- Found cv_bridge: 3.2.1 (/opt/ros/humble/share/cv_bridge/cmake)
[0.703s] -- Found message_filters: 4.3.7 (/opt/ros/humble/share/message_filters/cmake)
[0.718s] -- Found ORB_SLAM3: /home/ubuntu/ORB_SLAM3/lib/libORB_SLAM3.so  
[0.721s] -- Found OpenCV: /usr (found version "4.5.4") 
[0.723s] -- Found OpenCV: /usr (found version "4.5.4") found components: core imgproc highgui calib3d 
[0.772s] -- Configuring done
[0.796s] -- Generating done
[0.804s] -- Build files have been written to: /workspaces/prova_container/ros2_ws/build/orbslam3
[0.812s] Invoked command in '/workspaces/prova_container/ros2_ws/build/orbslam3' returned '0': CMAKE_PREFIX_PATH=/opt/ros/humble /usr/bin/cmake /workspaces/prova_container/ros2_ws/src/orbslam3_ros2 -DCMAKE_INSTALL_PREFIX=/workspaces/prova_container/ros2_ws/install/orbslam3
[0.813s] Invoking command in '/workspaces/prova_container/ros2_ws/build/orbslam3': CMAKE_PREFIX_PATH=/opt/ros/humble /usr/bin/cmake --build /workspaces/prova_container/ros2_ws/build/orbslam3 -- -j20 -l20
[0.845s] [35m[1mConsolidate compiler generated dependencies of target mono[0m
[0.845s] [35m[1mConsolidate compiler generated dependencies of target stereo-inertial[0m
[0.845s] [35m[1mConsolidate compiler generated dependencies of target rgbd[0m
[0.845s] [35m[1mConsolidate compiler generated dependencies of target stereo[0m
[0.871s] [  8%] [32m[1mLinking CXX executable mono[0m
[0.872s] [ 16%] [32m[1mLinking CXX executable rgbd[0m
[0.874s] [ 25%] [32m[1mLinking CXX executable stereo[0m
[0.876s] [ 33%] [32m[1mLinking CXX executable stereo-inertial[0m
[1.661s] [ 50%] Built target mono
[1.723s] [ 66%] Built target rgbd
[1.750s] [ 83%] Built target stereo
[1.795s] [100%] Built target stereo-inertial
[1.804s] Invoked command in '/workspaces/prova_container/ros2_ws/build/orbslam3' returned '0': CMAKE_PREFIX_PATH=/opt/ros/humble /usr/bin/cmake --build /workspaces/prova_container/ros2_ws/build/orbslam3 -- -j20 -l20
[1.809s] Invoking command in '/workspaces/prova_container/ros2_ws/build/orbslam3': CMAKE_PREFIX_PATH=/opt/ros/humble /usr/bin/cmake --install /workspaces/prova_container/ros2_ws/build/orbslam3
[1.816s] -- Install configuration: ""
[1.816s] -- Installing: /workspaces/prova_container/ros2_ws/install/orbslam3/lib/orbslam3/mono
[1.818s] -- Set runtime path of "/workspaces/prova_container/ros2_ws/install/orbslam3/lib/orbslam3/mono" to ""
[1.818s] -- Installing: /workspaces/prova_container/ros2_ws/install/orbslam3/lib/orbslam3/rgbd
[1.820s] -- Set runtime path of "/workspaces/prova_container/ros2_ws/install/orbslam3/lib/orbslam3/rgbd" to ""
[1.820s] -- Installing: /workspaces/prova_container/ros2_ws/install/orbslam3/lib/orbslam3/stereo
[1.822s] -- Set runtime path of "/workspaces/prova_container/ros2_ws/install/orbslam3/lib/orbslam3/stereo" to ""
[1.822s] -- Installing: /workspaces/prova_container/ros2_ws/install/orbslam3/lib/orbslam3/stereo-inertial
[1.825s] -- Set runtime path of "/workspaces/prova_container/ros2_ws/install/orbslam3/lib/orbslam3/stereo-inertial" to ""
[1.825s] -- Installing: /workspaces/prova_container/ros2_ws/install/orbslam3/share/ament_index/resource_index/package_run_dependencies/orbslam3
[1.825s] -- Installing: /workspaces/prova_container/ros2_ws/install/orbslam3/share/ament_index/resource_index/parent_prefix_path/orbslam3
[1.825s] -- Installing: /workspaces/prova_container/ros2_ws/install/orbslam3/share/orbslam3/environment/ament_prefix_path.sh
[1.825s] -- Installing: /workspaces/prova_container/ros2_ws/install/orbslam3/share/orbslam3/environment/ament_prefix_path.dsv
[1.825s] -- Installing: /workspaces/prova_container/ros2_ws/install/orbslam3/share/orbslam3/environment/path.sh
[1.825s] -- Installing: /workspaces/prova_container/ros2_ws/install/orbslam3/share/orbslam3/environment/path.dsv
[1.825s] -- Installing: /workspaces/prova_container/ros2_ws/install/orbslam3/share/orbslam3/local_setup.bash
[1.825s] -- Installing: /workspaces/prova_container/ros2_ws/install/orbslam3/share/orbslam3/local_setup.sh
[1.825s] -- Installing: /workspaces/prova_container/ros2_ws/install/orbslam3/share/orbslam3/local_setup.zsh
[1.825s] -- Installing: /workspaces/prova_container/ros2_ws/install/orbslam3/share/orbslam3/local_setup.dsv
[1.825s] -- Installing: /workspaces/prova_container/ros2_ws/install/orbslam3/share/orbslam3/package.dsv
[1.825s] -- Installing: /workspaces/prova_container/ros2_ws/install/orbslam3/share/ament_index/resource_index/packages/orbslam3
[1.825s] -- Installing: /workspaces/prova_container/ros2_ws/install/orbslam3/share/orbslam3/cmake/orbslam3Config.cmake
[1.826s] -- Installing: /workspaces/prova_container/ros2_ws/install/orbslam3/share/orbslam3/cmake/orbslam3Config-version.cmake
[1.826s] -- Installing: /workspaces/prova_container/ros2_ws/install/orbslam3/share/orbslam3/package.xml
[1.827s] Invoked command in '/workspaces/prova_container/ros2_ws/build/orbslam3' returned '0': CMAKE_PREFIX_PATH=/opt/ros/humble /usr/bin/cmake --install /workspaces/prova_container/ros2_ws/build/orbslam3
