[0.059s] DEBUG:colcon:Command line arguments: ['/usr/bin/colcon', 'build', '--packages-select', 'orbslam3', '--cmake-clean-cache']
[0.059s] DEBUG:colcon:Parsed command line arguments: Namespace(log_base=None, log_level=None, verb_name='build', build_base='build', install_base='install', merge_install=False, symlink_install=False, test_result_base=None, continue_on_error=False, executor='parallel', parallel_workers=20, event_handlers=None, ignore_user_meta=False, metas=['./colcon.meta'], base_paths=['.'], packages_ignore=None, packages_ignore_regex=None, paths=None, packages_up_to=None, packages_up_to_regex=None, packages_above=None, packages_above_and_dependencies=None, packages_above_depth=None, packages_select_by_dep=None, packages_skip_by_dep=None, packages_skip_up_to=None, packages_select_build_failed=False, packages_skip_build_finished=False, packages_select_test_failures=False, packages_skip_test_passed=False, packages_select=['orbslam3'], packages_skip=None, packages_select_regex=None, packages_skip_regex=None, packages_start=None, packages_end=None, cmake_args=None, cmake_target=None, cmake_target_skip_unavailable=False, cmake_clean_cache=True, cmake_clean_first=False, cmake_force_configure=False, ament_cmake_args=None, catkin_cmake_args=None, catkin_skip_building_tests=False, mixin_files=None, mixin=None, verb_parser=<colcon_mixin.mixin.mixin_argument.MixinArgumentDecorator object at 0x7da0e528c460>, verb_extension=<colcon_core.verb.build.BuildVerb object at 0x7da0e526bf70>, main=<bound method BuildVerb.main of <colcon_core.verb.build.BuildVerb object at 0x7da0e526bf70>>, mixin_verb=('build',))
[0.139s] Level 1:colcon.colcon_core.package_discovery:discover_packages(colcon_meta) check parameters
[0.139s] Level 1:colcon.colcon_core.package_discovery:discover_packages(recursive) check parameters
[0.139s] Level 1:colcon.colcon_core.package_discovery:discover_packages(ignore) check parameters
[0.139s] Level 1:colcon.colcon_core.package_discovery:discover_packages(path) check parameters
[0.139s] Level 1:colcon.colcon_core.package_discovery:discover_packages(colcon_meta) discover
[0.139s] Level 1:colcon.colcon_core.package_discovery:discover_packages(recursive) discover
[0.139s] INFO:colcon.colcon_core.package_discovery:Crawling recursively for packages in '/workspaces/prova_container/ros2_ws'
[0.139s] Level 1:colcon.colcon_core.package_identification:_identify(.) by extensions ['ignore', 'ignore_ament_install']
[0.139s] Level 1:colcon.colcon_core.package_identification:_identify(.) by extension 'ignore'
[0.139s] Level 1:colcon.colcon_core.package_identification:_identify(.) by extension 'ignore_ament_install'
[0.139s] Level 1:colcon.colcon_core.package_identification:_identify(.) by extensions ['colcon_pkg']
[0.139s] Level 1:colcon.colcon_core.package_identification:_identify(.) by extension 'colcon_pkg'
[0.139s] Level 1:colcon.colcon_core.package_identification:_identify(.) by extensions ['colcon_meta']
[0.139s] Level 1:colcon.colcon_core.package_identification:_identify(.) by extension 'colcon_meta'
[0.139s] Level 1:colcon.colcon_core.package_identification:_identify(.) by extensions ['ros']
[0.139s] Level 1:colcon.colcon_core.package_identification:_identify(.) by extension 'ros'
[0.146s] Level 1:colcon.colcon_core.package_identification:_identify(.) by extensions ['cmake', 'python']
[0.147s] Level 1:colcon.colcon_core.package_identification:_identify(.) by extension 'cmake'
[0.147s] Level 1:colcon.colcon_core.package_identification:_identify(.) by extension 'python'
[0.147s] Level 1:colcon.colcon_core.package_identification:_identify(.) by extensions ['python_setup_py']
[0.147s] Level 1:colcon.colcon_core.package_identification:_identify(.) by extension 'python_setup_py'
[0.147s] Level 1:colcon.colcon_core.package_identification:_identify(build) by extensions ['ignore', 'ignore_ament_install']
[0.147s] Level 1:colcon.colcon_core.package_identification:_identify(build) by extension 'ignore'
[0.147s] Level 1:colcon.colcon_core.package_identification:_identify(build) ignored
[0.147s] Level 1:colcon.colcon_core.package_identification:_identify(install) by extensions ['ignore', 'ignore_ament_install']
[0.147s] Level 1:colcon.colcon_core.package_identification:_identify(install) by extension 'ignore'
[0.147s] Level 1:colcon.colcon_core.package_identification:_identify(install) ignored
[0.147s] Level 1:colcon.colcon_core.package_identification:_identify(log) by extensions ['ignore', 'ignore_ament_install']
[0.147s] Level 1:colcon.colcon_core.package_identification:_identify(log) by extension 'ignore'
[0.147s] Level 1:colcon.colcon_core.package_identification:_identify(log) ignored
[0.147s] Level 1:colcon.colcon_core.package_identification:_identify(src) by extensions ['ignore', 'ignore_ament_install']
[0.147s] Level 1:colcon.colcon_core.package_identification:_identify(src) by extension 'ignore'
[0.147s] Level 1:colcon.colcon_core.package_identification:_identify(src) by extension 'ignore_ament_install'
[0.147s] Level 1:colcon.colcon_core.package_identification:_identify(src) by extensions ['colcon_pkg']
[0.147s] Level 1:colcon.colcon_core.package_identification:_identify(src) by extension 'colcon_pkg'
[0.147s] Level 1:colcon.colcon_core.package_identification:_identify(src) by extensions ['colcon_meta']
[0.147s] Level 1:colcon.colcon_core.package_identification:_identify(src) by extension 'colcon_meta'
[0.147s] Level 1:colcon.colcon_core.package_identification:_identify(src) by extensions ['ros']
[0.147s] Level 1:colcon.colcon_core.package_identification:_identify(src) by extension 'ros'
[0.147s] Level 1:colcon.colcon_core.package_identification:_identify(src) by extensions ['cmake', 'python']
[0.147s] Level 1:colcon.colcon_core.package_identification:_identify(src) by extension 'cmake'
[0.147s] Level 1:colcon.colcon_core.package_identification:_identify(src) by extension 'python'
[0.147s] Level 1:colcon.colcon_core.package_identification:_identify(src) by extensions ['python_setup_py']
[0.147s] Level 1:colcon.colcon_core.package_identification:_identify(src) by extension 'python_setup_py'
[0.147s] Level 1:colcon.colcon_core.package_identification:_identify(src/orbslam3_ros2) by extensions ['ignore', 'ignore_ament_install']
[0.147s] Level 1:colcon.colcon_core.package_identification:_identify(src/orbslam3_ros2) by extension 'ignore'
[0.147s] Level 1:colcon.colcon_core.package_identification:_identify(src/orbslam3_ros2) by extension 'ignore_ament_install'
[0.147s] Level 1:colcon.colcon_core.package_identification:_identify(src/orbslam3_ros2) by extensions ['colcon_pkg']
[0.147s] Level 1:colcon.colcon_core.package_identification:_identify(src/orbslam3_ros2) by extension 'colcon_pkg'
[0.147s] Level 1:colcon.colcon_core.package_identification:_identify(src/orbslam3_ros2) by extensions ['colcon_meta']
[0.148s] Level 1:colcon.colcon_core.package_identification:_identify(src/orbslam3_ros2) by extension 'colcon_meta'
[0.148s] Level 1:colcon.colcon_core.package_identification:_identify(src/orbslam3_ros2) by extensions ['ros']
[0.148s] Level 1:colcon.colcon_core.package_identification:_identify(src/orbslam3_ros2) by extension 'ros'
[0.149s] DEBUG:colcon.colcon_core.package_identification:Package 'src/orbslam3_ros2' with type 'ros.ament_cmake' and name 'orbslam3'
[0.149s] Level 1:colcon.colcon_core.package_identification:_identify(src/px4_msgs) by extensions ['ignore', 'ignore_ament_install']
[0.149s] Level 1:colcon.colcon_core.package_identification:_identify(src/px4_msgs) by extension 'ignore'
[0.149s] Level 1:colcon.colcon_core.package_identification:_identify(src/px4_msgs) by extension 'ignore_ament_install'
[0.149s] Level 1:colcon.colcon_core.package_identification:_identify(src/px4_msgs) by extensions ['colcon_pkg']
[0.149s] Level 1:colcon.colcon_core.package_identification:_identify(src/px4_msgs) by extension 'colcon_pkg'
[0.149s] Level 1:colcon.colcon_core.package_identification:_identify(src/px4_msgs) by extensions ['colcon_meta']
[0.149s] Level 1:colcon.colcon_core.package_identification:_identify(src/px4_msgs) by extension 'colcon_meta'
[0.149s] Level 1:colcon.colcon_core.package_identification:_identify(src/px4_msgs) by extensions ['ros']
[0.149s] Level 1:colcon.colcon_core.package_identification:_identify(src/px4_msgs) by extension 'ros'
[0.150s] DEBUG:colcon.colcon_core.package_identification:Package 'src/px4_msgs' with type 'ros.ament_cmake' and name 'px4_msgs'
[0.150s] Level 1:colcon.colcon_core.package_identification:_identify(src/px4_sim_launcher) by extensions ['ignore', 'ignore_ament_install']
[0.150s] Level 1:colcon.colcon_core.package_identification:_identify(src/px4_sim_launcher) by extension 'ignore'
[0.150s] Level 1:colcon.colcon_core.package_identification:_identify(src/px4_sim_launcher) by extension 'ignore_ament_install'
[0.150s] Level 1:colcon.colcon_core.package_identification:_identify(src/px4_sim_launcher) by extensions ['colcon_pkg']
[0.150s] Level 1:colcon.colcon_core.package_identification:_identify(src/px4_sim_launcher) by extension 'colcon_pkg'
[0.150s] Level 1:colcon.colcon_core.package_identification:_identify(src/px4_sim_launcher) by extensions ['colcon_meta']
[0.150s] Level 1:colcon.colcon_core.package_identification:_identify(src/px4_sim_launcher) by extension 'colcon_meta'
[0.150s] Level 1:colcon.colcon_core.package_identification:_identify(src/px4_sim_launcher) by extensions ['ros']
[0.150s] Level 1:colcon.colcon_core.package_identification:_identify(src/px4_sim_launcher) by extension 'ros'
[0.150s] DEBUG:colcon.colcon_core.package_identification:Package 'src/px4_sim_launcher' with type 'ros.ament_cmake' and name 'px4_sim_launcher'
[0.150s] Level 1:colcon.colcon_core.package_discovery:discover_packages(recursive) using defaults
[0.150s] Level 1:colcon.colcon_core.package_discovery:discover_packages(ignore) discover
[0.150s] Level 1:colcon.colcon_core.package_discovery:discover_packages(ignore) using defaults
[0.150s] Level 1:colcon.colcon_core.package_discovery:discover_packages(path) discover
[0.150s] Level 1:colcon.colcon_core.package_discovery:discover_packages(path) using defaults
[0.162s] INFO:colcon.colcon_core.package_selection:Skipping not selected package 'px4_msgs' in 'src/px4_msgs'
[0.162s] INFO:colcon.colcon_core.package_selection:Skipping not selected package 'px4_sim_launcher' in 'src/px4_sim_launcher'
[0.162s] Level 5:colcon.colcon_core.verb:set package 'orbslam3' build argument 'cmake_args' from command line to 'None'
[0.162s] Level 5:colcon.colcon_core.verb:set package 'orbslam3' build argument 'cmake_target' from command line to 'None'
[0.162s] Level 5:colcon.colcon_core.verb:set package 'orbslam3' build argument 'cmake_target_skip_unavailable' from command line to 'False'
[0.162s] Level 5:colcon.colcon_core.verb:set package 'orbslam3' build argument 'cmake_clean_cache' from command line to 'True'
[0.162s] Level 5:colcon.colcon_core.verb:set package 'orbslam3' build argument 'cmake_clean_first' from command line to 'False'
[0.162s] Level 5:colcon.colcon_core.verb:set package 'orbslam3' build argument 'cmake_force_configure' from command line to 'False'
[0.162s] Level 5:colcon.colcon_core.verb:set package 'orbslam3' build argument 'ament_cmake_args' from command line to 'None'
[0.162s] Level 5:colcon.colcon_core.verb:set package 'orbslam3' build argument 'catkin_cmake_args' from command line to 'None'
[0.162s] Level 5:colcon.colcon_core.verb:set package 'orbslam3' build argument 'catkin_skip_building_tests' from command line to 'False'
[0.162s] DEBUG:colcon.colcon_core.verb:Building package 'orbslam3' with the following arguments: {'ament_cmake_args': None, 'build_base': '/workspaces/prova_container/ros2_ws/build/orbslam3', 'catkin_cmake_args': None, 'catkin_skip_building_tests': False, 'cmake_args': None, 'cmake_clean_cache': True, 'cmake_clean_first': False, 'cmake_force_configure': False, 'cmake_target': None, 'cmake_target_skip_unavailable': False, 'install_base': '/workspaces/prova_container/ros2_ws/install/orbslam3', 'merge_install': False, 'path': '/workspaces/prova_container/ros2_ws/src/orbslam3_ros2', 'symlink_install': False, 'test_result_base': None}
[0.162s] INFO:colcon.colcon_core.executor:Executing jobs using 'parallel' executor
[0.163s] DEBUG:colcon.colcon_parallel_executor.executor.parallel:run_until_complete
[0.163s] INFO:colcon.colcon_ros.task.ament_cmake.build:Building ROS package in '/workspaces/prova_container/ros2_ws/src/orbslam3_ros2' with build type 'ament_cmake'
[0.163s] INFO:colcon.colcon_cmake.task.cmake.build:Building CMake package in '/workspaces/prova_container/ros2_ws/src/orbslam3_ros2'
[0.165s] INFO:colcon.colcon_core.plugin_system:Skipping extension 'colcon_core.shell.bat': Not used on non-Windows systems
[0.165s] INFO:colcon.colcon_core.shell:Skip shell extension 'powershell' for command environment: Not usable outside of PowerShell
[0.165s] DEBUG:colcon.colcon_core.shell:Skip shell extension 'dsv' for command environment
[0.170s] DEBUG:colcon.colcon_core.event_handler.log_command:Invoking command in '/workspaces/prova_container/ros2_ws/build/orbslam3': CMAKE_PREFIX_PATH=/opt/ros/humble /usr/bin/cmake /workspaces/prova_container/ros2_ws/src/orbslam3_ros2 -DCMAKE_INSTALL_PREFIX=/workspaces/prova_container/ros2_ws/install/orbslam3
[0.976s] DEBUG:colcon.colcon_core.event_handler.log_command:Invoked command in '/workspaces/prova_container/ros2_ws/build/orbslam3' returned '0': CMAKE_PREFIX_PATH=/opt/ros/humble /usr/bin/cmake /workspaces/prova_container/ros2_ws/src/orbslam3_ros2 -DCMAKE_INSTALL_PREFIX=/workspaces/prova_container/ros2_ws/install/orbslam3
[0.977s] DEBUG:colcon.colcon_core.event_handler.log_command:Invoking command in '/workspaces/prova_container/ros2_ws/build/orbslam3': CMAKE_PREFIX_PATH=/opt/ros/humble /usr/bin/cmake --build /workspaces/prova_container/ros2_ws/build/orbslam3 -- -j20 -l20
[1.967s] DEBUG:colcon.colcon_core.event_handler.log_command:Invoked command in '/workspaces/prova_container/ros2_ws/build/orbslam3' returned '0': CMAKE_PREFIX_PATH=/opt/ros/humble /usr/bin/cmake --build /workspaces/prova_container/ros2_ws/build/orbslam3 -- -j20 -l20
[1.973s] DEBUG:colcon.colcon_core.event_handler.log_command:Invoking command in '/workspaces/prova_container/ros2_ws/build/orbslam3': CMAKE_PREFIX_PATH=/opt/ros/humble /usr/bin/cmake --install /workspaces/prova_container/ros2_ws/build/orbslam3
[1.991s] Level 1:colcon.colcon_core.environment:create_environment_scripts_only(orbslam3)
[1.991s] DEBUG:colcon.colcon_core.event_handler.log_command:Invoked command in '/workspaces/prova_container/ros2_ws/build/orbslam3' returned '0': CMAKE_PREFIX_PATH=/opt/ros/humble /usr/bin/cmake --install /workspaces/prova_container/ros2_ws/build/orbslam3
[1.992s] Level 1:colcon.colcon_core.environment:checking '/workspaces/prova_container/ros2_ws/install/orbslam3' for CMake module files
[1.992s] Level 1:colcon.colcon_core.environment:checking '/workspaces/prova_container/ros2_ws/install/orbslam3' for CMake config files
[1.993s] Level 1:colcon.colcon_core.shell:create_environment_hook('orbslam3', 'cmake_prefix_path')
[1.993s] INFO:colcon.colcon_core.shell:Creating environment hook '/workspaces/prova_container/ros2_ws/install/orbslam3/share/orbslam3/hook/cmake_prefix_path.ps1'
[1.993s] INFO:colcon.colcon_core.shell:Creating environment descriptor '/workspaces/prova_container/ros2_ws/install/orbslam3/share/orbslam3/hook/cmake_prefix_path.dsv'
[1.993s] INFO:colcon.colcon_core.shell:Creating environment hook '/workspaces/prova_container/ros2_ws/install/orbslam3/share/orbslam3/hook/cmake_prefix_path.sh'
[1.994s] Level 1:colcon.colcon_core.environment:checking '/workspaces/prova_container/ros2_ws/install/orbslam3/lib'
[1.994s] Level 1:colcon.colcon_core.environment:checking '/workspaces/prova_container/ros2_ws/install/orbslam3/bin'
[1.994s] Level 1:colcon.colcon_core.environment:checking '/workspaces/prova_container/ros2_ws/install/orbslam3/lib/pkgconfig/orbslam3.pc'
[1.995s] Level 1:colcon.colcon_core.environment:checking '/workspaces/prova_container/ros2_ws/install/orbslam3/lib/python3.10/site-packages'
[1.995s] Level 1:colcon.colcon_core.environment:checking '/workspaces/prova_container/ros2_ws/install/orbslam3/bin'
[1.995s] INFO:colcon.colcon_core.shell:Creating package script '/workspaces/prova_container/ros2_ws/install/orbslam3/share/orbslam3/package.ps1'
[1.996s] INFO:colcon.colcon_core.shell:Creating package descriptor '/workspaces/prova_container/ros2_ws/install/orbslam3/share/orbslam3/package.dsv'
[1.996s] INFO:colcon.colcon_core.shell:Creating package script '/workspaces/prova_container/ros2_ws/install/orbslam3/share/orbslam3/package.sh'
[1.996s] INFO:colcon.colcon_core.shell:Creating package script '/workspaces/prova_container/ros2_ws/install/orbslam3/share/orbslam3/package.bash'
[1.997s] INFO:colcon.colcon_core.shell:Creating package script '/workspaces/prova_container/ros2_ws/install/orbslam3/share/orbslam3/package.zsh'
[1.998s] Level 1:colcon.colcon_core.environment:create_file_with_runtime_dependencies(/workspaces/prova_container/ros2_ws/install/orbslam3/share/colcon-core/packages/orbslam3)
[1.999s] Level 1:colcon.colcon_core.environment:create_environment_scripts_only(orbslam3)
[1.999s] Level 1:colcon.colcon_core.environment:checking '/workspaces/prova_container/ros2_ws/install/orbslam3' for CMake module files
[1.999s] Level 1:colcon.colcon_core.environment:checking '/workspaces/prova_container/ros2_ws/install/orbslam3' for CMake config files
[1.999s] Level 1:colcon.colcon_core.shell:create_environment_hook('orbslam3', 'cmake_prefix_path')
[1.999s] INFO:colcon.colcon_core.shell:Creating environment hook '/workspaces/prova_container/ros2_ws/install/orbslam3/share/orbslam3/hook/cmake_prefix_path.ps1'
[2.000s] INFO:colcon.colcon_core.shell:Creating environment descriptor '/workspaces/prova_container/ros2_ws/install/orbslam3/share/orbslam3/hook/cmake_prefix_path.dsv'
[2.000s] INFO:colcon.colcon_core.shell:Creating environment hook '/workspaces/prova_container/ros2_ws/install/orbslam3/share/orbslam3/hook/cmake_prefix_path.sh'
[2.000s] Level 1:colcon.colcon_core.environment:checking '/workspaces/prova_container/ros2_ws/install/orbslam3/lib'
[2.000s] Level 1:colcon.colcon_core.environment:checking '/workspaces/prova_container/ros2_ws/install/orbslam3/bin'
[2.000s] Level 1:colcon.colcon_core.environment:checking '/workspaces/prova_container/ros2_ws/install/orbslam3/lib/pkgconfig/orbslam3.pc'
[2.000s] Level 1:colcon.colcon_core.environment:checking '/workspaces/prova_container/ros2_ws/install/orbslam3/lib/python3.10/site-packages'
[2.001s] Level 1:colcon.colcon_core.environment:checking '/workspaces/prova_container/ros2_ws/install/orbslam3/bin'
[2.001s] INFO:colcon.colcon_core.shell:Creating package script '/workspaces/prova_container/ros2_ws/install/orbslam3/share/orbslam3/package.ps1'
[2.001s] INFO:colcon.colcon_core.shell:Creating package descriptor '/workspaces/prova_container/ros2_ws/install/orbslam3/share/orbslam3/package.dsv'
[2.002s] INFO:colcon.colcon_core.shell:Creating package script '/workspaces/prova_container/ros2_ws/install/orbslam3/share/orbslam3/package.sh'
[2.002s] INFO:colcon.colcon_core.shell:Creating package script '/workspaces/prova_container/ros2_ws/install/orbslam3/share/orbslam3/package.bash'
[2.002s] INFO:colcon.colcon_core.shell:Creating package script '/workspaces/prova_container/ros2_ws/install/orbslam3/share/orbslam3/package.zsh'
[2.003s] Level 1:colcon.colcon_core.environment:create_file_with_runtime_dependencies(/workspaces/prova_container/ros2_ws/install/orbslam3/share/colcon-core/packages/orbslam3)
[2.003s] DEBUG:colcon.colcon_parallel_executor.executor.parallel:closing loop
[2.003s] DEBUG:colcon.colcon_parallel_executor.executor.parallel:loop closed
[2.003s] DEBUG:colcon.colcon_parallel_executor.executor.parallel:run_until_complete finished with '0'
[2.003s] DEBUG:colcon.colcon_core.event_reactor:joining thread
[2.014s] INFO:colcon.colcon_core.plugin_system:Skipping extension 'colcon_notification.desktop_notification.notify_send': Could not find 'notify-send'
[2.014s] INFO:colcon.colcon_core.plugin_system:Skipping extension 'colcon_notification.desktop_notification.terminal_notifier': Not used on non-Darwin systems
[2.014s] INFO:colcon.colcon_core.plugin_system:Skipping extension 'colcon_notification.desktop_notification.win32': Not used on non-Windows systems
[2.014s] INFO:colcon.colcon_notification.desktop_notification:Sending desktop notification using 'notify2'
[2.019s] DEBUG:colcon.colcon_notification.desktop_notification.notify2:Failed to initialize notify2: org.freedesktop.DBus.Error.ServiceUnknown: The name org.freedesktop.Notifications was not provided by any .service files
[2.019s] DEBUG:colcon.colcon_core.event_reactor:joined thread
[2.019s] INFO:colcon.colcon_core.shell:Creating prefix script '/workspaces/prova_container/ros2_ws/install/local_setup.ps1'
[2.020s] INFO:colcon.colcon_core.shell:Creating prefix util module '/workspaces/prova_container/ros2_ws/install/_local_setup_util_ps1.py'
[2.021s] INFO:colcon.colcon_core.shell:Creating prefix chain script '/workspaces/prova_container/ros2_ws/install/setup.ps1'
[2.022s] INFO:colcon.colcon_core.shell:Creating prefix script '/workspaces/prova_container/ros2_ws/install/local_setup.sh'
[2.023s] INFO:colcon.colcon_core.shell:Creating prefix util module '/workspaces/prova_container/ros2_ws/install/_local_setup_util_sh.py'
[2.023s] INFO:colcon.colcon_core.shell:Creating prefix chain script '/workspaces/prova_container/ros2_ws/install/setup.sh'
[2.023s] INFO:colcon.colcon_core.shell:Creating prefix script '/workspaces/prova_container/ros2_ws/install/local_setup.bash'
[2.024s] INFO:colcon.colcon_core.shell:Creating prefix chain script '/workspaces/prova_container/ros2_ws/install/setup.bash'
[2.024s] INFO:colcon.colcon_core.shell:Creating prefix script '/workspaces/prova_container/ros2_ws/install/local_setup.zsh'
[2.025s] INFO:colcon.colcon_core.shell:Creating prefix chain script '/workspaces/prova_container/ros2_ws/install/setup.zsh'
