[0.007s] Invoking command in '/workspaces/prova_container/ros2_ws/build/orbslam3': CMAKE_PREFIX_PATH=/opt/ros/humble /usr/bin/cmake /workspaces/prova_container/ros2_ws/src/orbslam3_ros2 -DCMAKE_INSTALL_PREFIX=/workspaces/prova_container/ros2_ws/install/orbslam3
[0.044s] -- The C compiler identification is GNU 11.4.0
[0.081s] -- The CXX compiler identification is GNU 11.4.0
[0.085s] -- Detecting C compiler ABI info
[0.137s] -- Detecting C compiler ABI info - done
[0.141s] -- Check for working C compiler: /usr/bin/cc - skipped
[0.141s] -- Detecting C compile features
[0.141s] -- Detecting C compile features - done
[0.143s] -- Detecting CXX compiler ABI info
[0.197s] -- Detecting CXX compiler ABI info - done
[0.202s] -- Check for working CXX compiler: /usr/bin/c++ - skipped
[0.202s] -- Detecting CXX compile features
[0.202s] -- Detecting CXX compile features - done
[0.203s] -- Found ament_cmake: 1.3.11 (/opt/ros/humble/share/ament_cmake/cmake)
[0.292s] -- Found Python3: /usr/bin/python3 (found version "3.10.12") found components: Interpreter 
[0.342s] -- Found rclcpp: 16.0.12 (/opt/ros/humble/share/rclcpp/cmake)
[0.365s] -- Found rosidl_generator_c: 3.1.6 (/opt/ros/humble/share/rosidl_generator_c/cmake)
[0.367s] -- Found rosidl_adapter: 3.1.6 (/opt/ros/humble/share/rosidl_adapter/cmake)
[0.371s] -- Found rosidl_generator_cpp: 3.1.6 (/opt/ros/humble/share/rosidl_generator_cpp/cmake)
[0.378s] -- Using all available rosidl_typesupport_c: rosidl_typesupport_fastrtps_c;rosidl_typesupport_introspection_c
[0.388s] -- Using all available rosidl_typesupport_cpp: rosidl_typesupport_fastrtps_cpp;rosidl_typesupport_introspection_cpp
[0.414s] -- Found rmw_implementation_cmake: 6.1.2 (/opt/ros/humble/share/rmw_implementation_cmake/cmake)
[0.416s] -- Found rmw_fastrtps_cpp: 6.2.7 (/opt/ros/humble/share/rmw_fastrtps_cpp/cmake)
[0.477s] -- Found OpenSSL: /usr/lib/x86_64-linux-gnu/libcrypto.so (found version "3.0.2")  
[0.496s] -- Found FastRTPS: /opt/ros/humble/include  
[0.529s] -- Using RMW implementation 'rmw_fastrtps_cpp' as default
[0.533s] -- Looking for pthread.h
[0.579s] -- Looking for pthread.h - found
[0.579s] -- Performing Test CMAKE_HAVE_LIBC_PTHREAD
[0.630s] -- Performing Test CMAKE_HAVE_LIBC_PTHREAD - Success
[0.631s] -- Found Threads: TRUE  
[0.661s] -- Found sensor_msgs: 4.8.0 (/opt/ros/humble/share/sensor_msgs/cmake)
[0.679s] -- Found cv_bridge: 3.2.1 (/opt/ros/humble/share/cv_bridge/cmake)
[0.686s] -- Found message_filters: 4.3.7 (/opt/ros/humble/share/message_filters/cmake)
[0.697s] -- Found ORB_SLAM3: /home/ubuntu/ORB_SLAM3/lib/libORB_SLAM3.so  
[0.699s] -- Found OpenCV: /usr (found version "4.5.4") 
[0.700s] -- Found OpenCV: /usr (found version "4.5.4") found components: core imgproc highgui calib3d 
[0.702s] [31mCMake Error at CMakeLists.txt:73 (target_link_libraries):
[0.702s]   Cannot specify link libraries for target "stereo-inertial" which is not
[0.702s]   built by this project.
[0.702s] 
[0.702s] [0m
[0.702s] -- Configuring incomplete, errors occurred!
[0.702s] See also "/workspaces/prova_container/ros2_ws/build/orbslam3/CMakeFiles/CMakeOutput.log".
[0.707s] Invoked command in '/workspaces/prova_container/ros2_ws/build/orbslam3' returned '1': CMAKE_PREFIX_PATH=/opt/ros/humble /usr/bin/cmake /workspaces/prova_container/ros2_ws/src/orbslam3_ros2 -DCMAKE_INSTALL_PREFIX=/workspaces/prova_container/ros2_ws/install/orbslam3
