[35m[1mConsolidate compiler generated dependencies of target camera_forwarder_node[0m
[ 50%] [32mBuilding CXX object CMakeFiles/camera_forwarder_node.dir/src/camera_forwarder.cpp.o[0m
[100%] [32m[1mLinking CXX executable camera_forwarder_node[0m
[100%] Built target camera_forwarder_node
-- Install configuration: ""
-- Installing: /workspaces/prova_container/ros2_ws/install/camera_forwarder/lib/camera_forwarder/camera_forwarder_node
-- Set runtime path of "/workspaces/prova_container/ros2_ws/install/camera_forwarder/lib/camera_forwarder/camera_forwarder_node" to ""
-- Up-to-date: /workspaces/prova_container/ros2_ws/install/camera_forwarder/share/ament_index/resource_index/package_run_dependencies/camera_forwarder
-- Up-to-date: /workspaces/prova_container/ros2_ws/install/camera_forwarder/share/ament_index/resource_index/parent_prefix_path/camera_forwarder
-- Up-to-date: /workspaces/prova_container/ros2_ws/install/camera_forwarder/share/camera_forwarder/environment/ament_prefix_path.sh
-- Up-to-date: /workspaces/prova_container/ros2_ws/install/camera_forwarder/share/camera_forwarder/environment/ament_prefix_path.dsv
-- Up-to-date: /workspaces/prova_container/ros2_ws/install/camera_forwarder/share/camera_forwarder/environment/path.sh
-- Up-to-date: /workspaces/prova_container/ros2_ws/install/camera_forwarder/share/camera_forwarder/environment/path.dsv
-- Up-to-date: /workspaces/prova_container/ros2_ws/install/camera_forwarder/share/camera_forwarder/local_setup.bash
-- Up-to-date: /workspaces/prova_container/ros2_ws/install/camera_forwarder/share/camera_forwarder/local_setup.sh
-- Up-to-date: /workspaces/prova_container/ros2_ws/install/camera_forwarder/share/camera_forwarder/local_setup.zsh
-- Up-to-date: /workspaces/prova_container/ros2_ws/install/camera_forwarder/share/camera_forwarder/local_setup.dsv
-- Installing: /workspaces/prova_container/ros2_ws/install/camera_forwarder/share/camera_forwarder/package.dsv
-- Up-to-date: /workspaces/prova_container/ros2_ws/install/camera_forwarder/share/ament_index/resource_index/packages/camera_forwarder
-- Up-to-date: /workspaces/prova_container/ros2_ws/install/camera_forwarder/share/camera_forwarder/cmake/camera_forwarderConfig.cmake
-- Up-to-date: /workspaces/prova_container/ros2_ws/install/camera_forwarder/share/camera_forwarder/cmake/camera_forwarderConfig-version.cmake
-- Up-to-date: /workspaces/prova_container/ros2_ws/install/camera_forwarder/share/camera_forwarder/package.xml
