[0.008s] Invoking command in '/workspaces/prova_container/ros2_ws/build/camera_forwarder': CMAKE_PREFIX_PATH=${CMAKE_PREFIX_PATH}:/opt/ros/humble /usr/bin/cmake --build /workspaces/prova_container/ros2_ws/build/camera_forwarder -- -j20 -l20
[0.040s] [35m[1mConsolidate compiler generated dependencies of target camera_forwarder_node[0m
[0.055s] [ 50%] [32mBuilding CXX object CMakeFiles/camera_forwarder_node.dir/src/camera_forwarder.cpp.o[0m
[2.645s] [100%] [32m[1mLinking CXX executable camera_forwarder_node[0m
[2.866s] [100%] Built target camera_forwarder_node
[2.877s] Invoked command in '/workspaces/prova_container/ros2_ws/build/camera_forwarder' returned '0': CMAKE_PREFIX_PATH=${CMAKE_PREFIX_PATH}:/opt/ros/humble /usr/bin/cmake --build /workspaces/prova_container/ros2_ws/build/camera_forwarder -- -j20 -l20
[2.882s] Invoking command in '/workspaces/prova_container/ros2_ws/build/camera_forwarder': CMAKE_PREFIX_PATH=${CMAKE_PREFIX_PATH}:/opt/ros/humble /usr/bin/cmake --install /workspaces/prova_container/ros2_ws/build/camera_forwarder
[2.888s] -- Install configuration: ""
[2.888s] -- Installing: /workspaces/prova_container/ros2_ws/install/camera_forwarder/lib/camera_forwarder/camera_forwarder_node
[2.888s] -- Set runtime path of "/workspaces/prova_container/ros2_ws/install/camera_forwarder/lib/camera_forwarder/camera_forwarder_node" to ""
[2.888s] -- Up-to-date: /workspaces/prova_container/ros2_ws/install/camera_forwarder/share/ament_index/resource_index/package_run_dependencies/camera_forwarder
[2.889s] -- Up-to-date: /workspaces/prova_container/ros2_ws/install/camera_forwarder/share/ament_index/resource_index/parent_prefix_path/camera_forwarder
[2.889s] -- Up-to-date: /workspaces/prova_container/ros2_ws/install/camera_forwarder/share/camera_forwarder/environment/ament_prefix_path.sh
[2.889s] -- Up-to-date: /workspaces/prova_container/ros2_ws/install/camera_forwarder/share/camera_forwarder/environment/ament_prefix_path.dsv
[2.889s] -- Up-to-date: /workspaces/prova_container/ros2_ws/install/camera_forwarder/share/camera_forwarder/environment/path.sh
[2.889s] -- Up-to-date: /workspaces/prova_container/ros2_ws/install/camera_forwarder/share/camera_forwarder/environment/path.dsv
[2.889s] -- Up-to-date: /workspaces/prova_container/ros2_ws/install/camera_forwarder/share/camera_forwarder/local_setup.bash
[2.889s] -- Up-to-date: /workspaces/prova_container/ros2_ws/install/camera_forwarder/share/camera_forwarder/local_setup.sh
[2.889s] -- Up-to-date: /workspaces/prova_container/ros2_ws/install/camera_forwarder/share/camera_forwarder/local_setup.zsh
[2.889s] -- Up-to-date: /workspaces/prova_container/ros2_ws/install/camera_forwarder/share/camera_forwarder/local_setup.dsv
[2.889s] -- Installing: /workspaces/prova_container/ros2_ws/install/camera_forwarder/share/camera_forwarder/package.dsv
[2.889s] -- Up-to-date: /workspaces/prova_container/ros2_ws/install/camera_forwarder/share/ament_index/resource_index/packages/camera_forwarder
[2.889s] -- Up-to-date: /workspaces/prova_container/ros2_ws/install/camera_forwarder/share/camera_forwarder/cmake/camera_forwarderConfig.cmake
[2.889s] -- Up-to-date: /workspaces/prova_container/ros2_ws/install/camera_forwarder/share/camera_forwarder/cmake/camera_forwarderConfig-version.cmake
[2.889s] -- Up-to-date: /workspaces/prova_container/ros2_ws/install/camera_forwarder/share/camera_forwarder/package.xml
[2.890s] Invoked command in '/workspaces/prova_container/ros2_ws/build/camera_forwarder' returned '0': CMAKE_PREFIX_PATH=${CMAKE_PREFIX_PATH}:/opt/ros/humble /usr/bin/cmake --install /workspaces/prova_container/ros2_ws/build/camera_forwarder
