-- The C compiler identification is GNU 11.4.0
-- The CXX compiler identification is GNU 11.4.0
-- Detecting C compiler ABI info
-- Detecting C compiler ABI info - done
-- Check for working C compiler: /usr/bin/cc - skipped
-- Detecting C compile features
-- Detecting C compile features - done
-- Detecting CXX compiler ABI info
-- Detecting CXX compiler ABI info - done
-- Check for working CXX compiler: /usr/bin/c++ - skipped
-- Detecting CXX compile features
-- Detecting CXX compile features - done
-- Found ament_cmake: 1.3.11 (/opt/ros/humble/share/ament_cmake/cmake)
-- Found Python3: /usr/bin/python3 (found version "3.10.12") found components: Interpreter 
-- Found rclcpp: 16.0.12 (/opt/ros/humble/share/rclcpp/cmake)
-- Found rosidl_generator_c: 3.1.6 (/opt/ros/humble/share/rosidl_generator_c/cmake)
-- Found rosidl_adapter: 3.1.6 (/opt/ros/humble/share/rosidl_adapter/cmake)
-- Found rosidl_generator_cpp: 3.1.6 (/opt/ros/humble/share/rosidl_generator_cpp/cmake)
-- Using all available rosidl_typesupport_c: rosidl_typesupport_fastrtps_c;rosidl_typesupport_introspection_c
-- Using all available rosidl_typesupport_cpp: rosidl_typesupport_fastrtps_cpp;rosidl_typesupport_introspection_cpp
-- Found rmw_implementation_cmake: 6.1.2 (/opt/ros/humble/share/rmw_implementation_cmake/cmake)
-- Found rmw_fastrtps_cpp: 6.2.7 (/opt/ros/humble/share/rmw_fastrtps_cpp/cmake)
-- Found OpenSSL: /usr/lib/x86_64-linux-gnu/libcrypto.so (found version "3.0.2")  
-- Found FastRTPS: /opt/ros/humble/include  
-- Using RMW implementation 'rmw_fastrtps_cpp' as default
-- Looking for pthread.h
-- Looking for pthread.h - found
-- Performing Test CMAKE_HAVE_LIBC_PTHREAD
-- Performing Test CMAKE_HAVE_LIBC_PTHREAD - Success
-- Found Threads: TRUE  
-- Found sensor_msgs: 4.8.0 (/opt/ros/humble/share/sensor_msgs/cmake)
-- Found image_transport: 3.1.11 (/opt/ros/humble/share/image_transport/cmake)
-- Found cv_bridge: 3.2.1 (/opt/ros/humble/share/cv_bridge/cmake)
-- Found OpenCV: /usr (found version "4.5.4") 
-- Configuring done
-- Generating done
-- Build files have been written to: /workspaces/prova_container/ros2_ws/build/camera_forwarder
[ 50%] [32mBuilding CXX object CMakeFiles/camera_forwarder_node.dir/src/camera_forwarder.cpp.o[0m
[100%] [32m[1mLinking CXX executable camera_forwarder_node[0m
[100%] Built target camera_forwarder_node
-- Install configuration: ""
-- Installing: /workspaces/prova_container/ros2_ws/install/camera_forwarder/lib/camera_forwarder/camera_forwarder_node
-- Set runtime path of "/workspaces/prova_container/ros2_ws/install/camera_forwarder/lib/camera_forwarder/camera_forwarder_node" to ""
-- Installing: /workspaces/prova_container/ros2_ws/install/camera_forwarder/share/ament_index/resource_index/package_run_dependencies/camera_forwarder
-- Installing: /workspaces/prova_container/ros2_ws/install/camera_forwarder/share/ament_index/resource_index/parent_prefix_path/camera_forwarder
-- Installing: /workspaces/prova_container/ros2_ws/install/camera_forwarder/share/camera_forwarder/environment/ament_prefix_path.sh
-- Installing: /workspaces/prova_container/ros2_ws/install/camera_forwarder/share/camera_forwarder/environment/ament_prefix_path.dsv
-- Installing: /workspaces/prova_container/ros2_ws/install/camera_forwarder/share/camera_forwarder/environment/path.sh
-- Installing: /workspaces/prova_container/ros2_ws/install/camera_forwarder/share/camera_forwarder/environment/path.dsv
-- Installing: /workspaces/prova_container/ros2_ws/install/camera_forwarder/share/camera_forwarder/local_setup.bash
-- Installing: /workspaces/prova_container/ros2_ws/install/camera_forwarder/share/camera_forwarder/local_setup.sh
-- Installing: /workspaces/prova_container/ros2_ws/install/camera_forwarder/share/camera_forwarder/local_setup.zsh
-- Installing: /workspaces/prova_container/ros2_ws/install/camera_forwarder/share/camera_forwarder/local_setup.dsv
-- Installing: /workspaces/prova_container/ros2_ws/install/camera_forwarder/share/camera_forwarder/package.dsv
-- Installing: /workspaces/prova_container/ros2_ws/install/camera_forwarder/share/ament_index/resource_index/packages/camera_forwarder
-- Installing: /workspaces/prova_container/ros2_ws/install/camera_forwarder/share/camera_forwarder/cmake/camera_forwarderConfig.cmake
-- Installing: /workspaces/prova_container/ros2_ws/install/camera_forwarder/share/camera_forwarder/cmake/camera_forwarderConfig-version.cmake
-- Installing: /workspaces/prova_container/ros2_ws/install/camera_forwarder/share/camera_forwarder/package.xml
