[0.007s] Invoking command in '/workspaces/prova_container/ros2_ws/build/camera_forwarder': CMAKE_PREFIX_PATH=/opt/ros/humble /usr/bin/cmake /workspaces/prova_container/ros2_ws/src/camera_forwarder -DCMAKE_INSTALL_PREFIX=/workspaces/prova_container/ros2_ws/install/camera_forwarder
[0.074s] -- The C compiler identification is GNU 11.4.0
[0.126s] -- The CXX compiler identification is GNU 11.4.0
[0.134s] -- Detecting C compiler ABI info
[0.184s] -- Detecting C compiler ABI info - done
[0.188s] -- Check for working C compiler: /usr/bin/cc - skipped
[0.188s] -- Detecting C compile features
[0.189s] -- Detecting C compile features - done
[0.191s] -- Detecting CXX compiler ABI info
[0.243s] -- Detecting CXX compiler ABI info - done
[0.247s] -- Check for working CXX compiler: /usr/bin/c++ - skipped
[0.247s] -- Detecting CXX compile features
[0.248s] -- Detecting CXX compile features - done
[0.250s] -- Found ament_cmake: 1.3.11 (/opt/ros/humble/share/ament_cmake/cmake)
[0.340s] -- Found Python3: /usr/bin/python3 (found version "3.10.12") found components: Interpreter 
[0.395s] -- Found rclcpp: 16.0.12 (/opt/ros/humble/share/rclcpp/cmake)
[0.425s] -- Found rosidl_generator_c: 3.1.6 (/opt/ros/humble/share/rosidl_generator_c/cmake)
[0.428s] -- Found rosidl_adapter: 3.1.6 (/opt/ros/humble/share/rosidl_adapter/cmake)
[0.434s] -- Found rosidl_generator_cpp: 3.1.6 (/opt/ros/humble/share/rosidl_generator_cpp/cmake)
[0.444s] -- Using all available rosidl_typesupport_c: rosidl_typesupport_fastrtps_c;rosidl_typesupport_introspection_c
[0.455s] -- Using all available rosidl_typesupport_cpp: rosidl_typesupport_fastrtps_cpp;rosidl_typesupport_introspection_cpp
[0.488s] -- Found rmw_implementation_cmake: 6.1.2 (/opt/ros/humble/share/rmw_implementation_cmake/cmake)
[0.490s] -- Found rmw_fastrtps_cpp: 6.2.7 (/opt/ros/humble/share/rmw_fastrtps_cpp/cmake)
[0.559s] -- Found OpenSSL: /usr/lib/x86_64-linux-gnu/libcrypto.so (found version "3.0.2")  
[0.576s] -- Found FastRTPS: /opt/ros/humble/include  
[0.604s] -- Using RMW implementation 'rmw_fastrtps_cpp' as default
[0.610s] -- Looking for pthread.h
[0.666s] -- Looking for pthread.h - found
[0.667s] -- Performing Test CMAKE_HAVE_LIBC_PTHREAD
[0.721s] -- Performing Test CMAKE_HAVE_LIBC_PTHREAD - Success
[0.721s] -- Found Threads: TRUE  
[0.763s] -- Found sensor_msgs: 4.8.0 (/opt/ros/humble/share/sensor_msgs/cmake)
[0.787s] -- Found image_transport: 3.1.11 (/opt/ros/humble/share/image_transport/cmake)
[0.814s] -- Found cv_bridge: 3.2.1 (/opt/ros/humble/share/cv_bridge/cmake)
[0.825s] -- Found OpenCV: /usr (found version "4.5.4") 
[0.870s] -- Configuring done
[0.877s] -- Generating done
[0.880s] -- Build files have been written to: /workspaces/prova_container/ros2_ws/build/camera_forwarder
[0.885s] Invoked command in '/workspaces/prova_container/ros2_ws/build/camera_forwarder' returned '0': CMAKE_PREFIX_PATH=/opt/ros/humble /usr/bin/cmake /workspaces/prova_container/ros2_ws/src/camera_forwarder -DCMAKE_INSTALL_PREFIX=/workspaces/prova_container/ros2_ws/install/camera_forwarder
[0.886s] Invoking command in '/workspaces/prova_container/ros2_ws/build/camera_forwarder': CMAKE_PREFIX_PATH=/opt/ros/humble /usr/bin/cmake --build /workspaces/prova_container/ros2_ws/build/camera_forwarder -- -j20 -l20
[0.922s] [ 50%] [32mBuilding CXX object CMakeFiles/camera_forwarder_node.dir/src/camera_forwarder.cpp.o[0m
[3.660s] [100%] [32m[1mLinking CXX executable camera_forwarder_node[0m
[3.898s] [100%] Built target camera_forwarder_node
[3.908s] Invoked command in '/workspaces/prova_container/ros2_ws/build/camera_forwarder' returned '0': CMAKE_PREFIX_PATH=/opt/ros/humble /usr/bin/cmake --build /workspaces/prova_container/ros2_ws/build/camera_forwarder -- -j20 -l20
[3.914s] Invoking command in '/workspaces/prova_container/ros2_ws/build/camera_forwarder': CMAKE_PREFIX_PATH=/opt/ros/humble /usr/bin/cmake --install /workspaces/prova_container/ros2_ws/build/camera_forwarder
[3.921s] -- Install configuration: ""
[3.921s] -- Installing: /workspaces/prova_container/ros2_ws/install/camera_forwarder/lib/camera_forwarder/camera_forwarder_node
[3.921s] -- Set runtime path of "/workspaces/prova_container/ros2_ws/install/camera_forwarder/lib/camera_forwarder/camera_forwarder_node" to ""
[3.922s] -- Installing: /workspaces/prova_container/ros2_ws/install/camera_forwarder/share/ament_index/resource_index/package_run_dependencies/camera_forwarder
[3.922s] -- Installing: /workspaces/prova_container/ros2_ws/install/camera_forwarder/share/ament_index/resource_index/parent_prefix_path/camera_forwarder
[3.922s] -- Installing: /workspaces/prova_container/ros2_ws/install/camera_forwarder/share/camera_forwarder/environment/ament_prefix_path.sh
[3.922s] -- Installing: /workspaces/prova_container/ros2_ws/install/camera_forwarder/share/camera_forwarder/environment/ament_prefix_path.dsv
[3.922s] -- Installing: /workspaces/prova_container/ros2_ws/install/camera_forwarder/share/camera_forwarder/environment/path.sh
[3.922s] -- Installing: /workspaces/prova_container/ros2_ws/install/camera_forwarder/share/camera_forwarder/environment/path.dsv
[3.922s] -- Installing: /workspaces/prova_container/ros2_ws/install/camera_forwarder/share/camera_forwarder/local_setup.bash
[3.922s] -- Installing: /workspaces/prova_container/ros2_ws/install/camera_forwarder/share/camera_forwarder/local_setup.sh
[3.922s] -- Installing: /workspaces/prova_container/ros2_ws/install/camera_forwarder/share/camera_forwarder/local_setup.zsh
[3.923s] -- Installing: /workspaces/prova_container/ros2_ws/install/camera_forwarder/share/camera_forwarder/local_setup.dsv
[3.923s] -- Installing: /workspaces/prova_container/ros2_ws/install/camera_forwarder/share/camera_forwarder/package.dsv
[3.923s] -- Installing: /workspaces/prova_container/ros2_ws/install/camera_forwarder/share/ament_index/resource_index/packages/camera_forwarder
[3.923s] -- Installing: /workspaces/prova_container/ros2_ws/install/camera_forwarder/share/camera_forwarder/cmake/camera_forwarderConfig.cmake
[3.923s] -- Installing: /workspaces/prova_container/ros2_ws/install/camera_forwarder/share/camera_forwarder/cmake/camera_forwarderConfig-version.cmake
[3.923s] -- Installing: /workspaces/prova_container/ros2_ws/install/camera_forwarder/share/camera_forwarder/package.xml
[3.924s] Invoked command in '/workspaces/prova_container/ros2_ws/build/camera_forwarder' returned '0': CMAKE_PREFIX_PATH=/opt/ros/humble /usr/bin/cmake --install /workspaces/prova_container/ros2_ws/build/camera_forwarder
