[0.013s] Invoking command in '/workspaces/prova_container/ros2_ws/build/orbslam3': CMAKE_PREFIX_PATH=${CMAKE_PREFIX_PATH}:/opt/ros/humble /usr/bin/cmake --build /workspaces/prova_container/ros2_ws/build/orbslam3 -- -j20 -l20
[0.075s] [ 25%] Built target rgbd
[0.076s] [ 50%] Built target mono
[0.076s] [ 75%] Built target stereo
[0.077s] [100%] Built target stereo-inertial
[0.093s] Invoked command in '/workspaces/prova_container/ros2_ws/build/orbslam3' returned '0': CMAKE_PREFIX_PATH=${CMAKE_PREFIX_PATH}:/opt/ros/humble /usr/bin/cmake --build /workspaces/prova_container/ros2_ws/build/orbslam3 -- -j20 -l20
[0.093s] Invoking command in '/workspaces/prova_container/ros2_ws/build/orbslam3': CMAKE_PREFIX_PATH=${CMAKE_PREFIX_PATH}:/opt/ros/humble /usr/bin/cmake --install /workspaces/prova_container/ros2_ws/build/orbslam3
[0.100s] -- Install configuration: ""
[0.100s] -- Up-to-date: /workspaces/prova_container/ros2_ws/install/orbslam3/lib/orbslam3/mono
[0.100s] -- Up-to-date: /workspaces/prova_container/ros2_ws/install/orbslam3/lib/orbslam3/rgbd
[0.100s] -- Up-to-date: /workspaces/prova_container/ros2_ws/install/orbslam3/lib/orbslam3/stereo
[0.101s] -- Up-to-date: /workspaces/prova_container/ros2_ws/install/orbslam3/lib/orbslam3/stereo-inertial
[0.101s] -- Up-to-date: /workspaces/prova_container/ros2_ws/install/orbslam3/share/ament_index/resource_index/package_run_dependencies/orbslam3
[0.101s] -- Up-to-date: /workspaces/prova_container/ros2_ws/install/orbslam3/share/ament_index/resource_index/parent_prefix_path/orbslam3
[0.101s] -- Up-to-date: /workspaces/prova_container/ros2_ws/install/orbslam3/share/orbslam3/environment/ament_prefix_path.sh
[0.101s] -- Up-to-date: /workspaces/prova_container/ros2_ws/install/orbslam3/share/orbslam3/environment/ament_prefix_path.dsv
[0.101s] -- Up-to-date: /workspaces/prova_container/ros2_ws/install/orbslam3/share/orbslam3/environment/path.sh
[0.101s] -- Up-to-date: /workspaces/prova_container/ros2_ws/install/orbslam3/share/orbslam3/environment/path.dsv
[0.101s] -- Up-to-date: /workspaces/prova_container/ros2_ws/install/orbslam3/share/orbslam3/local_setup.bash
[0.101s] -- Up-to-date: /workspaces/prova_container/ros2_ws/install/orbslam3/share/orbslam3/local_setup.sh
[0.101s] -- Up-to-date: /workspaces/prova_container/ros2_ws/install/orbslam3/share/orbslam3/local_setup.zsh
[0.101s] -- Up-to-date: /workspaces/prova_container/ros2_ws/install/orbslam3/share/orbslam3/local_setup.dsv
[0.101s] -- Installing: /workspaces/prova_container/ros2_ws/install/orbslam3/share/orbslam3/package.dsv
[0.101s] -- Up-to-date: /workspaces/prova_container/ros2_ws/install/orbslam3/share/ament_index/resource_index/packages/orbslam3
[0.101s] -- Up-to-date: /workspaces/prova_container/ros2_ws/install/orbslam3/share/orbslam3/cmake/orbslam3Config.cmake
[0.101s] -- Up-to-date: /workspaces/prova_container/ros2_ws/install/orbslam3/share/orbslam3/cmake/orbslam3Config-version.cmake
[0.102s] -- Up-to-date: /workspaces/prova_container/ros2_ws/install/orbslam3/share/orbslam3/package.xml
[0.104s] Invoked command in '/workspaces/prova_container/ros2_ws/build/orbslam3' returned '0': CMAKE_PREFIX_PATH=${CMAKE_PREFIX_PATH}:/opt/ros/humble /usr/bin/cmake --install /workspaces/prova_container/ros2_ws/build/orbslam3
