running egg_info
creating ../../build/camera_pub/camera_pub.egg-info
writing ../../build/camera_pub/camera_pub.egg-info/PKG-INFO
writing dependency_links to ../../build/camera_pub/camera_pub.egg-info/dependency_links.txt
writing entry points to ../../build/camera_pub/camera_pub.egg-info/entry_points.txt
writing requirements to ../../build/camera_pub/camera_pub.egg-info/requires.txt
writing top-level names to ../../build/camera_pub/camera_pub.egg-info/top_level.txt
writing manifest file '../../build/camera_pub/camera_pub.egg-info/SOURCES.txt'
reading manifest file '../../build/camera_pub/camera_pub.egg-info/SOURCES.txt'
writing manifest file '../../build/camera_pub/camera_pub.egg-info/SOURCES.txt'
running build
running build_py
creating /workspaces/prova_container/ros2_ws/build/camera_pub/build
creating /workspaces/prova_container/ros2_ws/build/camera_pub/build/lib
creating /workspaces/prova_container/ros2_ws/build/camera_pub/build/lib/camera_pub
copying camera_pub/__init__.py -> /workspaces/prova_container/ros2_ws/build/camera_pub/build/lib/camera_pub
copying camera_pub/camera_publisher.py -> /workspaces/prova_container/ros2_ws/build/camera_pub/build/lib/camera_pub
running install
running install_lib
creating /workspaces/prova_container/ros2_ws/install/camera_pub/lib/python3.10/site-packages/camera_pub
copying /workspaces/prova_container/ros2_ws/build/camera_pub/build/lib/camera_pub/__init__.py -> /workspaces/prova_container/ros2_ws/install/camera_pub/lib/python3.10/site-packages/camera_pub
copying /workspaces/prova_container/ros2_ws/build/camera_pub/build/lib/camera_pub/camera_publisher.py -> /workspaces/prova_container/ros2_ws/install/camera_pub/lib/python3.10/site-packages/camera_pub
byte-compiling /workspaces/prova_container/ros2_ws/install/camera_pub/lib/python3.10/site-packages/camera_pub/__init__.py to __init__.cpython-310.pyc
byte-compiling /workspaces/prova_container/ros2_ws/install/camera_pub/lib/python3.10/site-packages/camera_pub/camera_publisher.py to camera_publisher.cpython-310.pyc
running install_data
creating /workspaces/prova_container/ros2_ws/install/camera_pub/share/ament_index
creating /workspaces/prova_container/ros2_ws/install/camera_pub/share/ament_index/resource_index
creating /workspaces/prova_container/ros2_ws/install/camera_pub/share/ament_index/resource_index/packages
copying resource/camera_pub -> /workspaces/prova_container/ros2_ws/install/camera_pub/share/ament_index/resource_index/packages
copying package.xml -> /workspaces/prova_container/ros2_ws/install/camera_pub/share/camera_pub
running install_egg_info
Copying ../../build/camera_pub/camera_pub.egg-info to /workspaces/prova_container/ros2_ws/install/camera_pub/lib/python3.10/site-packages/camera_pub-0.0.0-py3.10.egg-info
running install_scripts
Installing camera_publisher script to /workspaces/prova_container/ros2_ws/install/camera_pub/lib/camera_pub
writing list of installed files to '/workspaces/prova_container/ros2_ws/build/camera_pub/install.log'
